start: at 2018-11-29 04:18:48.671336 	 with {'experiment_name': 'dqn_e21', 'env_name': 'MountainCar-v0', 'noise_method': 'basePSN', 'seed': 123, 'total_timesteps': 100000, 'policy': <class 'stable_baselines.deepq.policies.LnMlpPolicy'>}
start: at 2018-11-29 04:18:48.671418 	 with {'experiment_name': 'dqn_e21', 'env_name': 'MountainCar-v0', 'noise_method': 'basePSN', 'seed': 456, 'total_timesteps': 100000, 'policy': <class 'stable_baselines.deepq.policies.LnMlpPolicy'>}
start: at 2018-11-29 04:18:48.671544 	 with {'experiment_name': 'dqn_e21', 'env_name': 'MountainCar-v0', 'noise_method': 'basePSN', 'seed': 789, 'total_timesteps': 100000, 'policy': <class 'stable_baselines.deepq.policies.LnMlpPolicy'>}
start: at 2018-11-29 04:18:48.671678 	 with {'experiment_name': 'dqn_e21', 'env_name': 'MountainCar-v0', 'noise_method': 'duelingPSN', 'seed': 123, 'total_timesteps': 100000, 'policy': <class 'stable_baselines.deepq.policies.LnMlpPolicy'>}
start: at 2018-11-29 04:18:48.671810 	 with {'experiment_name': 'dqn_e21', 'env_name': 'MountainCar-v0', 'noise_method': 'duelingPSN', 'seed': 456, 'total_timesteps': 100000, 'policy': <class 'stable_baselines.deepq.policies.LnMlpPolicy'>}
start: at 2018-11-29 04:18:48.671953 	 with {'experiment_name': 'dqn_e21', 'env_name': 'MountainCar-v0', 'noise_method': 'duelingPSN', 'seed': 789, 'total_timesteps': 100000, 'policy': <class 'stable_baselines.deepq.policies.LnMlpPolicy'>}
start: at 2018-11-29 04:18:48.672089 	 with {'experiment_name': 'dqn_e21', 'env_name': 'MountainCar-v0', 'noise_method': 'duelingASN', 'seed': 123, 'total_timesteps': 100000, 'policy': <class 'stable_baselines.deepq.policies.LnMlpPolicy'>}
start: at 2018-11-29 04:18:48.672220 	 with {'experiment_name': 'dqn_e21', 'env_name': 'MountainCar-v0', 'noise_method': 'duelingASN', 'seed': 456, 'total_timesteps': 100000, 'policy': <class 'stable_baselines.deepq.policies.LnMlpPolicy'>}
start: at 2018-11-29 04:18:48.672495 	 with {'experiment_name': 'dqn_e21', 'env_name': 'CartPole-v1', 'noise_method': 'basePSN', 'seed': 123, 'total_timesteps': 100000, 'policy': <class 'stable_baselines.deepq.policies.LnMlpPolicy'>}
start: at 2018-11-29 04:18:48.672631 	 with {'experiment_name': 'dqn_e21', 'env_name': 'CartPole-v1', 'noise_method': 'basePSN', 'seed': 456, 'total_timesteps': 100000, 'policy': <class 'stable_baselines.deepq.policies.LnMlpPolicy'>}
start: at 2018-11-29 04:18:48.672758 	 with {'experiment_name': 'dqn_e21', 'env_name': 'CartPole-v1', 'noise_method': 'basePSN', 'seed': 789, 'total_timesteps': 100000, 'policy': <class 'stable_baselines.deepq.policies.LnMlpPolicy'>}
start: at 2018-11-29 04:18:48.672895 	 with {'experiment_name': 'dqn_e21', 'env_name': 'CartPole-v1', 'noise_method': 'duelingPSN', 'seed': 123, 'total_timesteps': 100000, 'policy': <class 'stable_baselines.deepq.policies.LnMlpPolicy'>}
start: at 2018-11-29 04:18:48.673026 	 with {'experiment_name': 'dqn_e21', 'env_name': 'CartPole-v1', 'noise_method': 'duelingPSN', 'seed': 456, 'total_timesteps': 100000, 'policy': <class 'stable_baselines.deepq.policies.LnMlpPolicy'>}
start: at 2018-11-29 04:18:48.673155 	 with {'experiment_name': 'dqn_e21', 'env_name': 'CartPole-v1', 'noise_method': 'duelingPSN', 'seed': 789, 'total_timesteps': 100000, 'policy': <class 'stable_baselines.deepq.policies.LnMlpPolicy'>}
start: at 2018-11-29 04:18:48.673316 	 with {'experiment_name': 'dqn_e21', 'env_name': 'CartPole-v1', 'noise_method': 'duelingASN', 'seed': 123, 'total_timesteps': 100000, 'policy': <class 'stable_baselines.deepq.policies.LnMlpPolicy'>}
start: at 2018-11-29 04:18:48.673470 	 with {'experiment_name': 'dqn_e21', 'env_name': 'CartPole-v1', 'noise_method': 'duelingASN', 'seed': 456, 'total_timesteps': 100000, 'policy': <class 'stable_baselines.deepq.policies.LnMlpPolicy'>}
start: at 2018-11-29 04:18:48.673749 	 with {'experiment_name': 'dqn_e21', 'env_name': 'Acrobot-v1', 'noise_method': 'basePSN', 'seed': 123, 'total_timesteps': 100000, 'policy': <class 'stable_baselines.deepq.policies.LnMlpPolicy'>}
start: at 2018-11-29 04:18:48.673841 	 with {'experiment_name': 'dqn_e21', 'env_name': 'Acrobot-v1', 'noise_method': 'basePSN', 'seed': 789, 'total_timesteps': 100000, 'policy': <class 'stable_baselines.deepq.policies.LnMlpPolicy'>}
start: at 2018-11-29 04:18:48.673917 	 with {'experiment_name': 'dqn_e21', 'env_name': 'Acrobot-v1', 'noise_method': 'basePSN', 'seed': 456, 'total_timesteps': 100000, 'policy': <class 'stable_baselines.deepq.policies.LnMlpPolicy'>}
start: at 2018-11-29 04:18:48.674052 	 with {'experiment_name': 'dqn_e21', 'env_name': 'Acrobot-v1', 'noise_method': 'duelingPSN', 'seed': 123, 'total_timesteps': 100000, 'policy': <class 'stable_baselines.deepq.policies.LnMlpPolicy'>}
start: at 2018-11-29 04:18:48.674178 	 with {'experiment_name': 'dqn_e21', 'env_name': 'Acrobot-v1', 'noise_method': 'duelingPSN', 'seed': 456, 'total_timesteps': 100000, 'policy': <class 'stable_baselines.deepq.policies.LnMlpPolicy'>}
start: at 2018-11-29 04:18:48.674323 	 with {'experiment_name': 'dqn_e21', 'env_name': 'Acrobot-v1', 'noise_method': 'duelingPSN', 'seed': 789, 'total_timesteps': 100000, 'policy': <class 'stable_baselines.deepq.policies.LnMlpPolicy'>}
start: at 2018-11-29 04:18:48.674469 	 with {'experiment_name': 'dqn_e21', 'env_name': 'Acrobot-v1', 'noise_method': 'duelingASN', 'seed': 123, 'total_timesteps': 100000, 'policy': <class 'stable_baselines.deepq.policies.LnMlpPolicy'>}
start: at 2018-11-29 04:18:48.674602 	 with {'experiment_name': 'dqn_e21', 'env_name': 'Acrobot-v1', 'noise_method': 'duelingASN', 'seed': 456, 'total_timesteps': 100000, 'policy': <class 'stable_baselines.deepq.policies.LnMlpPolicy'>}
start: at 2018-11-29 04:18:48.674923 	 with {'experiment_name': 'dqn_e21', 'env_name': 'NChainCustom-v0', 'noise_method': 'basePSN', 'seed': 123, 'total_timesteps': 100000, 'policy': <class 'stable_baselines.deepq.policies.LnMlpPolicy'>}
start: at 2018-11-29 04:18:48.675263 	 with {'experiment_name': 'dqn_e21', 'env_name': 'NChainCustom-v0', 'noise_method': 'basePSN', 'seed': 456, 'total_timesteps': 100000, 'policy': <class 'stable_baselines.deepq.policies.LnMlpPolicy'>}
start: at 2018-11-29 04:18:48.676827 	 with {'experiment_name': 'dqn_e21', 'env_name': 'NChainCustom-v0', 'noise_method': 'basePSN', 'seed': 789, 'total_timesteps': 100000, 'policy': <class 'stable_baselines.deepq.policies.LnMlpPolicy'>}
start: at 2018-11-29 04:18:48.677121 	 with {'experiment_name': 'dqn_e21', 'env_name': 'NChainCustom-v0', 'noise_method': 'duelingPSN', 'seed': 123, 'total_timesteps': 100000, 'policy': <class 'stable_baselines.deepq.policies.LnMlpPolicy'>}
start: at 2018-11-29 04:18:48.677209 	 with {'experiment_name': 'dqn_e21', 'env_name': 'NChainCustom-v0', 'noise_method': 'duelingPSN', 'seed': 456, 'total_timesteps': 100000, 'policy': <class 'stable_baselines.deepq.policies.LnMlpPolicy'>}
start: at 2018-11-29 04:18:48.677307 	 with {'experiment_name': 'dqn_e21', 'env_name': 'NChainCustom-v0', 'noise_method': 'duelingPSN', 'seed': 789, 'total_timesteps': 100000, 'policy': <class 'stable_baselines.deepq.policies.LnMlpPolicy'>}
start: at 2018-11-29 04:18:48.677411 	 with {'experiment_name': 'dqn_e21', 'env_name': 'NChainCustom-v0', 'noise_method': 'duelingASN', 'seed': 123, 'total_timesteps': 100000, 'policy': <class 'stable_baselines.deepq.policies.LnMlpPolicy'>}
start: at 2018-11-29 04:18:48.677511 	 with {'experiment_name': 'dqn_e21', 'env_name': 'NChainCustom-v0', 'noise_method': 'duelingASN', 'seed': 456, 'total_timesteps': 100000, 'policy': <class 'stable_baselines.deepq.policies.LnMlpPolicy'>}
done: at 2018-11-29 04:27:21.136050 	 with {'experiment_name': 'dqn_e21', 'env_name': 'MountainCar-v0', 'noise_method': 'basePSN', 'seed': 123, 'total_timesteps': 100000, 'policy': <class 'stable_baselines.deepq.policies.LnMlpPolicy'>}
done: at 2018-11-29 04:27:21.136165 	 with {'experiment_name': 'dqn_e21', 'env_name': 'MountainCar-v0', 'noise_method': 'basePSN', 'seed': 456, 'total_timesteps': 100000, 'policy': <class 'stable_baselines.deepq.policies.LnMlpPolicy'>}
done: at 2018-11-29 04:27:21.136215 	 with {'experiment_name': 'dqn_e21', 'env_name': 'MountainCar-v0', 'noise_method': 'basePSN', 'seed': 789, 'total_timesteps': 100000, 'policy': <class 'stable_baselines.deepq.policies.LnMlpPolicy'>}
done: at 2018-11-29 04:27:21.136265 	 with {'experiment_name': 'dqn_e21', 'env_name': 'MountainCar-v0', 'noise_method': 'duelingPSN', 'seed': 123, 'total_timesteps': 100000, 'policy': <class 'stable_baselines.deepq.policies.LnMlpPolicy'>}
done: at 2018-11-29 04:27:21.136303 	 with {'experiment_name': 'dqn_e21', 'env_name': 'MountainCar-v0', 'noise_method': 'duelingPSN', 'seed': 456, 'total_timesteps': 100000, 'policy': <class 'stable_baselines.deepq.policies.LnMlpPolicy'>}
done: at 2018-11-29 04:27:21.136339 	 with {'experiment_name': 'dqn_e21', 'env_name': 'MountainCar-v0', 'noise_method': 'duelingPSN', 'seed': 789, 'total_timesteps': 100000, 'policy': <class 'stable_baselines.deepq.policies.LnMlpPolicy'>}
done: at 2018-11-29 04:27:21.136372 	 with {'experiment_name': 'dqn_e21', 'env_name': 'MountainCar-v0', 'noise_method': 'duelingASN', 'seed': 123, 'total_timesteps': 100000, 'policy': <class 'stable_baselines.deepq.policies.LnMlpPolicy'>}
done: at 2018-11-29 04:27:21.136406 	 with {'experiment_name': 'dqn_e21', 'env_name': 'MountainCar-v0', 'noise_method': 'duelingASN', 'seed': 456, 'total_timesteps': 100000, 'policy': <class 'stable_baselines.deepq.policies.LnMlpPolicy'>}
done: at 2018-11-29 04:27:21.136439 	 with {'experiment_name': 'dqn_e21', 'env_name': 'MountainCar-v0', 'noise_method': 'duelingASN', 'seed': 789, 'total_timesteps': 100000, 'policy': <class 'stable_baselines.deepq.policies.LnMlpPolicy'>}
done: at 2018-11-29 04:27:21.136473 	 with {'experiment_name': 'dqn_e21', 'env_name': 'CartPole-v1', 'noise_method': 'basePSN', 'seed': 123, 'total_timesteps': 100000, 'policy': <class 'stable_baselines.deepq.policies.LnMlpPolicy'>}
done: at 2018-11-29 04:27:21.136506 	 with {'experiment_name': 'dqn_e21', 'env_name': 'CartPole-v1', 'noise_method': 'basePSN', 'seed': 456, 'total_timesteps': 100000, 'policy': <class 'stable_baselines.deepq.policies.LnMlpPolicy'>}
done: at 2018-11-29 04:27:21.136537 	 with {'experiment_name': 'dqn_e21', 'env_name': 'CartPole-v1', 'noise_method': 'basePSN', 'seed': 789, 'total_timesteps': 100000, 'policy': <class 'stable_baselines.deepq.policies.LnMlpPolicy'>}
done: at 2018-11-29 04:27:21.136568 	 with {'experiment_name': 'dqn_e21', 'env_name': 'CartPole-v1', 'noise_method': 'duelingPSN', 'seed': 123, 'total_timesteps': 100000, 'policy': <class 'stable_baselines.deepq.policies.LnMlpPolicy'>}
done: at 2018-11-29 04:27:21.136599 	 with {'experiment_name': 'dqn_e21', 'env_name': 'CartPole-v1', 'noise_method': 'duelingPSN', 'seed': 456, 'total_timesteps': 100000, 'policy': <class 'stable_baselines.deepq.policies.LnMlpPolicy'>}
done: at 2018-11-29 04:27:21.136630 	 with {'experiment_name': 'dqn_e21', 'env_name': 'CartPole-v1', 'noise_method': 'duelingPSN', 'seed': 789, 'total_timesteps': 100000, 'policy': <class 'stable_baselines.deepq.policies.LnMlpPolicy'>}
done: at 2018-11-29 04:27:21.136662 	 with {'experiment_name': 'dqn_e21', 'env_name': 'CartPole-v1', 'noise_method': 'duelingASN', 'seed': 123, 'total_timesteps': 100000, 'policy': <class 'stable_baselines.deepq.policies.LnMlpPolicy'>}
done: at 2018-11-29 04:27:21.136693 	 with {'experiment_name': 'dqn_e21', 'env_name': 'CartPole-v1', 'noise_method': 'duelingASN', 'seed': 456, 'total_timesteps': 100000, 'policy': <class 'stable_baselines.deepq.policies.LnMlpPolicy'>}
done: at 2018-11-29 04:27:21.136724 	 with {'experiment_name': 'dqn_e21', 'env_name': 'CartPole-v1', 'noise_method': 'duelingASN', 'seed': 789, 'total_timesteps': 100000, 'policy': <class 'stable_baselines.deepq.policies.LnMlpPolicy'>}
done: at 2018-11-29 04:27:21.136756 	 with {'experiment_name': 'dqn_e21', 'env_name': 'Acrobot-v1', 'noise_method': 'basePSN', 'seed': 123, 'total_timesteps': 100000, 'policy': <class 'stable_baselines.deepq.policies.LnMlpPolicy'>}
done: at 2018-11-29 04:27:22.072322 	 with {'experiment_name': 'dqn_e21', 'env_name': 'Acrobot-v1', 'noise_method': 'basePSN', 'seed': 456, 'total_timesteps': 100000, 'policy': <class 'stable_baselines.deepq.policies.LnMlpPolicy'>}
done: at 2018-11-29 04:27:22.072405 	 with {'experiment_name': 'dqn_e21', 'env_name': 'Acrobot-v1', 'noise_method': 'basePSN', 'seed': 789, 'total_timesteps': 100000, 'policy': <class 'stable_baselines.deepq.policies.LnMlpPolicy'>}
done: at 2018-11-29 04:27:22.072443 	 with {'experiment_name': 'dqn_e21', 'env_name': 'Acrobot-v1', 'noise_method': 'duelingPSN', 'seed': 123, 'total_timesteps': 100000, 'policy': <class 'stable_baselines.deepq.policies.LnMlpPolicy'>}
done: at 2018-11-29 04:27:22.072478 	 with {'experiment_name': 'dqn_e21', 'env_name': 'Acrobot-v1', 'noise_method': 'duelingPSN', 'seed': 456, 'total_timesteps': 100000, 'policy': <class 'stable_baselines.deepq.policies.LnMlpPolicy'>}
done: at 2018-11-29 04:27:22.072511 	 with {'experiment_name': 'dqn_e21', 'env_name': 'Acrobot-v1', 'noise_method': 'duelingPSN', 'seed': 789, 'total_timesteps': 100000, 'policy': <class 'stable_baselines.deepq.policies.LnMlpPolicy'>}
done: at 2018-11-29 04:27:22.072544 	 with {'experiment_name': 'dqn_e21', 'env_name': 'Acrobot-v1', 'noise_method': 'duelingASN', 'seed': 123, 'total_timesteps': 100000, 'policy': <class 'stable_baselines.deepq.policies.LnMlpPolicy'>}
done: at 2018-11-29 04:27:22.072576 	 with {'experiment_name': 'dqn_e21', 'env_name': 'Acrobot-v1', 'noise_method': 'duelingASN', 'seed': 456, 'total_timesteps': 100000, 'policy': <class 'stable_baselines.deepq.policies.LnMlpPolicy'>}
done: at 2018-11-29 04:27:22.072608 	 with {'experiment_name': 'dqn_e21', 'env_name': 'Acrobot-v1', 'noise_method': 'duelingASN', 'seed': 789, 'total_timesteps': 100000, 'policy': <class 'stable_baselines.deepq.policies.LnMlpPolicy'>}
start: at 2018-11-29 04:29:21.382929 	 with {'experiment_name': 'dqn_e22', 'env_name': 'MountainCar-v0', 'noise_method': 'basePSN', 'seed': 123, 'total_timesteps': 300000, 'policy': <class 'stable_baselines.deepq.policies.LnMlpPolicy'>}
start: at 2018-11-29 04:29:21.383008 	 with {'experiment_name': 'dqn_e22', 'env_name': 'MountainCar-v0', 'noise_method': 'basePSN', 'seed': 456, 'total_timesteps': 300000, 'policy': <class 'stable_baselines.deepq.policies.LnMlpPolicy'>}
start: at 2018-11-29 04:29:21.383140 	 with {'experiment_name': 'dqn_e22', 'env_name': 'MountainCar-v0', 'noise_method': 'basePSN', 'seed': 789, 'total_timesteps': 300000, 'policy': <class 'stable_baselines.deepq.policies.LnMlpPolicy'>}
start: at 2018-11-29 04:29:21.383266 	 with {'experiment_name': 'dqn_e22', 'env_name': 'MountainCar-v0', 'noise_method': 'duelingPSN', 'seed': 123, 'total_timesteps': 300000, 'policy': <class 'stable_baselines.deepq.policies.LnMlpPolicy'>}
start: at 2018-11-29 04:29:21.383384 	 with {'experiment_name': 'dqn_e22', 'env_name': 'MountainCar-v0', 'noise_method': 'duelingPSN', 'seed': 456, 'total_timesteps': 300000, 'policy': <class 'stable_baselines.deepq.policies.LnMlpPolicy'>}
start: at 2018-11-29 04:29:21.383501 	 with {'experiment_name': 'dqn_e22', 'env_name': 'MountainCar-v0', 'noise_method': 'duelingPSN', 'seed': 789, 'total_timesteps': 300000, 'policy': <class 'stable_baselines.deepq.policies.LnMlpPolicy'>}
start: at 2018-11-29 04:29:21.383635 	 with {'experiment_name': 'dqn_e22', 'env_name': 'MountainCar-v0', 'noise_method': 'duelingASN', 'seed': 123, 'total_timesteps': 300000, 'policy': <class 'stable_baselines.deepq.policies.LnMlpPolicy'>}
start: at 2018-11-29 04:29:21.383759 	 with {'experiment_name': 'dqn_e22', 'env_name': 'MountainCar-v0', 'noise_method': 'duelingASN', 'seed': 456, 'total_timesteps': 300000, 'policy': <class 'stable_baselines.deepq.policies.LnMlpPolicy'>}
start: at 2018-11-29 04:29:21.384028 	 with {'experiment_name': 'dqn_e22', 'env_name': 'CartPole-v1', 'noise_method': 'basePSN', 'seed': 123, 'total_timesteps': 300000, 'policy': <class 'stable_baselines.deepq.policies.LnMlpPolicy'>}
start: at 2018-11-29 04:29:21.384100 	 with {'experiment_name': 'dqn_e22', 'env_name': 'CartPole-v1', 'noise_method': 'basePSN', 'seed': 789, 'total_timesteps': 300000, 'policy': <class 'stable_baselines.deepq.policies.LnMlpPolicy'>}
start: at 2018-11-29 04:29:21.384188 	 with {'experiment_name': 'dqn_e22', 'env_name': 'CartPole-v1', 'noise_method': 'basePSN', 'seed': 456, 'total_timesteps': 300000, 'policy': <class 'stable_baselines.deepq.policies.LnMlpPolicy'>}
start: at 2018-11-29 04:29:21.384331 	 with {'experiment_name': 'dqn_e22', 'env_name': 'CartPole-v1', 'noise_method': 'duelingPSN', 'seed': 123, 'total_timesteps': 300000, 'policy': <class 'stable_baselines.deepq.policies.LnMlpPolicy'>}
start: at 2018-11-29 04:29:21.384455 	 with {'experiment_name': 'dqn_e22', 'env_name': 'CartPole-v1', 'noise_method': 'duelingPSN', 'seed': 456, 'total_timesteps': 300000, 'policy': <class 'stable_baselines.deepq.policies.LnMlpPolicy'>}
start: at 2018-11-29 04:29:21.384602 	 with {'experiment_name': 'dqn_e22', 'env_name': 'CartPole-v1', 'noise_method': 'duelingPSN', 'seed': 789, 'total_timesteps': 300000, 'policy': <class 'stable_baselines.deepq.policies.LnMlpPolicy'>}
start: at 2018-11-29 04:29:21.384744 	 with {'experiment_name': 'dqn_e22', 'env_name': 'CartPole-v1', 'noise_method': 'duelingASN', 'seed': 123, 'total_timesteps': 300000, 'policy': <class 'stable_baselines.deepq.policies.LnMlpPolicy'>}
start: at 2018-11-29 04:29:21.384882 	 with {'experiment_name': 'dqn_e22', 'env_name': 'CartPole-v1', 'noise_method': 'duelingASN', 'seed': 456, 'total_timesteps': 300000, 'policy': <class 'stable_baselines.deepq.policies.LnMlpPolicy'>}
start: at 2018-11-29 04:29:21.385144 	 with {'experiment_name': 'dqn_e22', 'env_name': 'Acrobot-v1', 'noise_method': 'basePSN', 'seed': 123, 'total_timesteps': 300000, 'policy': <class 'stable_baselines.deepq.policies.LnMlpPolicy'>}
start: at 2018-11-29 04:29:21.385258 	 with {'experiment_name': 'dqn_e22', 'env_name': 'Acrobot-v1', 'noise_method': 'basePSN', 'seed': 456, 'total_timesteps': 300000, 'policy': <class 'stable_baselines.deepq.policies.LnMlpPolicy'>}
start: at 2018-11-29 04:29:21.385415 	 with {'experiment_name': 'dqn_e22', 'env_name': 'Acrobot-v1', 'noise_method': 'basePSN', 'seed': 789, 'total_timesteps': 300000, 'policy': <class 'stable_baselines.deepq.policies.LnMlpPolicy'>}
start: at 2018-11-29 04:29:21.385536 	 with {'experiment_name': 'dqn_e22', 'env_name': 'Acrobot-v1', 'noise_method': 'duelingPSN', 'seed': 456, 'total_timesteps': 300000, 'policy': <class 'stable_baselines.deepq.policies.LnMlpPolicy'>}
start: at 2018-11-29 04:29:21.385590 	 with {'experiment_name': 'dqn_e22', 'env_name': 'Acrobot-v1', 'noise_method': 'duelingPSN', 'seed': 123, 'total_timesteps': 300000, 'policy': <class 'stable_baselines.deepq.policies.LnMlpPolicy'>}
start: at 2018-11-29 04:29:21.385614 	 with {'experiment_name': 'dqn_e22', 'env_name': 'Acrobot-v1', 'noise_method': 'duelingPSN', 'seed': 789, 'total_timesteps': 300000, 'policy': <class 'stable_baselines.deepq.policies.LnMlpPolicy'>}
start: at 2018-11-29 04:29:21.385704 	 with {'experiment_name': 'dqn_e22', 'env_name': 'Acrobot-v1', 'noise_method': 'duelingASN', 'seed': 123, 'total_timesteps': 300000, 'policy': <class 'stable_baselines.deepq.policies.LnMlpPolicy'>}
start: at 2018-11-29 04:29:21.385796 	 with {'experiment_name': 'dqn_e22', 'env_name': 'Acrobot-v1', 'noise_method': 'duelingASN', 'seed': 456, 'total_timesteps': 300000, 'policy': <class 'stable_baselines.deepq.policies.LnMlpPolicy'>}
