done: at 2018-11-27 06:11:46.545253 	 with {'experiment_name': 'dqn_e15', 'env_name': 'SpaceInvaders', 'noise_method': 'basePSN', 'seed': 123, 'total_timesteps': 100000, 'policy': <class 'stable_baselines.deepq.policies.LnCnnPolicy'>}
done: at 2018-11-27 06:11:49.844831 	 with {'experiment_name': 'dqn_e15', 'env_name': 'SpaceInvaders', 'noise_method': 'basePSN', 'seed': 456, 'total_timesteps': 100000, 'policy': <class 'stable_baselines.deepq.policies.LnCnnPolicy'>}
done: at 2018-11-27 06:11:59.396978 	 with {'experiment_name': 'dqn_e15', 'env_name': 'SpaceInvaders', 'noise_method': 'basePSN', 'seed': 789, 'total_timesteps': 100000, 'policy': <class 'stable_baselines.deepq.policies.LnCnnPolicy'>}
done: at 2018-11-27 06:14:10.018851 	 with {'experiment_name': 'dqn_e15', 'env_name': 'SpaceInvaders', 'noise_method': 'duelingPSN', 'seed': 123, 'total_timesteps': 100000, 'policy': <class 'stable_baselines.deepq.policies.LnCnnPolicy'>}
done: at 2018-11-27 06:14:37.695665 	 with {'experiment_name': 'dqn_e15', 'env_name': 'SpaceInvaders', 'noise_method': 'duelingPSN', 'seed': 456, 'total_timesteps': 100000, 'policy': <class 'stable_baselines.deepq.policies.LnCnnPolicy'>}
done: at 2018-11-27 06:14:37.695784 	 with {'experiment_name': 'dqn_e15', 'env_name': 'SpaceInvaders', 'noise_method': 'duelingPSN', 'seed': 789, 'total_timesteps': 100000, 'policy': <class 'stable_baselines.deepq.policies.LnCnnPolicy'>}
done: at 2018-11-27 06:14:37.695856 	 with {'experiment_name': 'dqn_e15', 'env_name': 'SpaceInvaders', 'noise_method': 'duelingASN', 'seed': 123, 'total_timesteps': 100000, 'policy': <class 'stable_baselines.deepq.policies.LnCnnPolicy'>}
done: at 2018-11-27 06:14:37.695921 	 with {'experiment_name': 'dqn_e15', 'env_name': 'SpaceInvaders', 'noise_method': 'duelingASN', 'seed': 456, 'total_timesteps': 100000, 'policy': <class 'stable_baselines.deepq.policies.LnCnnPolicy'>}
start: at 2018-11-27 06:18:54.085369 	 with {'experiment_name': 'dqn_e15', 'env_name': 'SpaceInvaders', 'noise_method': 'duelingPSNASN', 'seed': 123, 'total_timesteps': 100000, 'policy': <class 'stable_baselines.deepq.policies.LnCnnPolicy'>}
start: at 2018-11-27 06:18:54.085450 	 with {'experiment_name': 'dqn_e15', 'env_name': 'SpaceInvaders', 'noise_method': 'duelingPSNASN', 'seed': 456, 'total_timesteps': 100000, 'policy': <class 'stable_baselines.deepq.policies.LnCnnPolicy'>}
start: at 2018-11-27 06:18:54.085578 	 with {'experiment_name': 'dqn_e15', 'env_name': 'SpaceInvaders', 'noise_method': 'duelingPSNASN', 'seed': 789, 'total_timesteps': 100000, 'policy': <class 'stable_baselines.deepq.policies.LnCnnPolicy'>}
start: at 2018-11-27 06:22:56.856028 	 with {'experiment_name': 'dqn_e15', 'env_name': 'SpaceInvaders', 'noise_method': 'duelingPSNASN', 'seed': 123, 'total_timesteps': 100000, 'policy': <class 'stable_baselines.deepq.policies.LnCnnPolicy'>}
start: at 2018-11-27 06:22:56.856113 	 with {'experiment_name': 'dqn_e15', 'env_name': 'SpaceInvaders', 'noise_method': 'duelingPSNASN', 'seed': 456, 'total_timesteps': 100000, 'policy': <class 'stable_baselines.deepq.policies.LnCnnPolicy'>}
start: at 2018-11-27 06:22:56.856186 	 with {'experiment_name': 'dqn_e15', 'env_name': 'SpaceInvaders', 'noise_method': 'duelingPSNASN', 'seed': 789, 'total_timesteps': 100000, 'policy': <class 'stable_baselines.deepq.policies.LnCnnPolicy'>}
start: at 2018-11-27 06:37:09.370488 	 with {'experiment_name': 'dqn_e15', 'env_name': 'SpaceInvaders', 'noise_method': 'duelingASN', 'seed': 789, 'total_timesteps': 100000, 'policy': <class 'stable_baselines.deepq.policies.LnCnnPolicy'>}
start: at 2018-11-27 06:37:09.370537 	 with {'experiment_name': 'dqn_e15', 'env_name': 'Tutankham', 'noise_method': 'duelingASN', 'seed': 789, 'total_timesteps': 100000, 'policy': <class 'stable_baselines.deepq.policies.LnCnnPolicy'>}
start: at 2018-11-27 06:37:41.657723 	 with {'experiment_name': 'dqn_e15', 'env_name': 'SpaceInvaders', 'noise_method': 'duelingPSNASN', 'seed': 456, 'total_timesteps': 100000, 'policy': <class 'stable_baselines.deepq.policies.LnCnnPolicy'>}
start: at 2018-11-27 06:37:41.657881 	 with {'experiment_name': 'dqn_e15', 'env_name': 'SpaceInvaders', 'noise_method': 'duelingPSNASN', 'seed': 789, 'total_timesteps': 100000, 'policy': <class 'stable_baselines.deepq.policies.LnCnnPolicy'>}
start: at 2018-11-27 06:37:41.657860 	 with {'experiment_name': 'dqn_e15', 'env_name': 'SpaceInvaders', 'noise_method': 'duelingPSNASN', 'seed': 123, 'total_timesteps': 100000, 'policy': <class 'stable_baselines.deepq.policies.LnCnnPolicy'>}
start: at 2018-11-27 06:37:41.657984 	 with {'experiment_name': 'dqn_e15', 'env_name': 'Tutankham', 'noise_method': 'duelingPSNASN', 'seed': 123, 'total_timesteps': 100000, 'policy': <class 'stable_baselines.deepq.policies.LnCnnPolicy'>}
start: at 2018-11-27 06:37:41.669356 	 with {'experiment_name': 'dqn_e15', 'env_name': 'Tutankham', 'noise_method': 'duelingPSNASN', 'seed': 456, 'total_timesteps': 100000, 'policy': <class 'stable_baselines.deepq.policies.LnCnnPolicy'>}
start: at 2018-11-27 06:37:41.671550 	 with {'experiment_name': 'dqn_e15', 'env_name': 'Tutankham', 'noise_method': 'duelingPSNASN', 'seed': 789, 'total_timesteps': 100000, 'policy': <class 'stable_baselines.deepq.policies.LnCnnPolicy'>}
done: at 2018-11-27 08:27:53.915695 	 with {'experiment_name': 'dqn_e15', 'env_name': 'SpaceInvaders', 'noise_method': 'duelingPSNASN', 'seed': 123, 'total_timesteps': 100000, 'policy': <class 'stable_baselines.deepq.policies.LnCnnPolicy'>}
done: at 2018-11-27 08:28:25.360207 	 with {'experiment_name': 'dqn_e15', 'env_name': 'SpaceInvaders', 'noise_method': 'duelingPSNASN', 'seed': 456, 'total_timesteps': 100000, 'policy': <class 'stable_baselines.deepq.policies.LnCnnPolicy'>}
done: at 2018-11-27 08:28:38.208964 	 with {'experiment_name': 'dqn_e15', 'env_name': 'SpaceInvaders', 'noise_method': 'duelingPSNASN', 'seed': 789, 'total_timesteps': 100000, 'policy': <class 'stable_baselines.deepq.policies.LnCnnPolicy'>}
done: at 2018-11-27 08:31:20.686667 	 with {'experiment_name': 'dqn_e15', 'env_name': 'Tutankham', 'noise_method': 'duelingPSNASN', 'seed': 123, 'total_timesteps': 100000, 'policy': <class 'stable_baselines.deepq.policies.LnCnnPolicy'>}
done: at 2018-11-27 08:31:20.686788 	 with {'experiment_name': 'dqn_e15', 'env_name': 'Tutankham', 'noise_method': 'duelingPSNASN', 'seed': 456, 'total_timesteps': 100000, 'policy': <class 'stable_baselines.deepq.policies.LnCnnPolicy'>}
done: at 2018-11-27 08:31:20.686860 	 with {'experiment_name': 'dqn_e15', 'env_name': 'Tutankham', 'noise_method': 'duelingPSNASN', 'seed': 789, 'total_timesteps': 100000, 'policy': <class 'stable_baselines.deepq.policies.LnCnnPolicy'>}
done: at 2018-11-27 09:22:28.986530 	 with {'experiment_name': 'dqn_e15', 'env_name': 'SpaceInvaders', 'noise_method': 'duelingASN', 'seed': 789, 'total_timesteps': 100000, 'policy': <class 'stable_baselines.deepq.policies.LnCnnPolicy'>}
done: at 2018-11-27 10:12:30.376428 	 with {'experiment_name': 'dqn_e15', 'env_name': 'Tutankham', 'noise_method': 'duelingASN', 'seed': 789, 'total_timesteps': 100000, 'policy': <class 'stable_baselines.deepq.policies.LnCnnPolicy'>}
start: at 2018-11-27 10:19:18.884287 	 with {'experiment_name': 'dqn_e15', 'env_name': 'Tutankham', 'noise_method': 'basePSN', 'seed': 123, 'total_timesteps': 100000, 'policy': <class 'stable_baselines.deepq.policies.LnCnnPolicy'>}
start: at 2018-11-27 10:19:18.884364 	 with {'experiment_name': 'dqn_e15', 'env_name': 'Tutankham', 'noise_method': 'basePSN', 'seed': 456, 'total_timesteps': 100000, 'policy': <class 'stable_baselines.deepq.policies.LnCnnPolicy'>}
start: at 2018-11-27 10:19:18.884451 	 with {'experiment_name': 'dqn_e15', 'env_name': 'Tutankham', 'noise_method': 'basePSN', 'seed': 789, 'total_timesteps': 100000, 'policy': <class 'stable_baselines.deepq.policies.LnCnnPolicy'>}
start: at 2018-11-27 10:19:18.884575 	 with {'experiment_name': 'dqn_e15', 'env_name': 'Tutankham', 'noise_method': 'duelingPSN', 'seed': 123, 'total_timesteps': 100000, 'policy': <class 'stable_baselines.deepq.policies.LnCnnPolicy'>}
start: at 2018-11-27 10:19:18.884768 	 with {'experiment_name': 'dqn_e15', 'env_name': 'Tutankham', 'noise_method': 'duelingPSN', 'seed': 456, 'total_timesteps': 100000, 'policy': <class 'stable_baselines.deepq.policies.LnCnnPolicy'>}
start: at 2018-11-27 10:19:18.884879 	 with {'experiment_name': 'dqn_e15', 'env_name': 'Tutankham', 'noise_method': 'duelingPSN', 'seed': 789, 'total_timesteps': 100000, 'policy': <class 'stable_baselines.deepq.policies.LnCnnPolicy'>}
start: at 2018-11-27 10:19:18.887656 	 with {'experiment_name': 'dqn_e15', 'env_name': 'Tutankham', 'noise_method': 'duelingASN', 'seed': 123, 'total_timesteps': 100000, 'policy': <class 'stable_baselines.deepq.policies.LnCnnPolicy'>}
start: at 2018-11-27 10:19:18.894431 	 with {'experiment_name': 'dqn_e15', 'env_name': 'Tutankham', 'noise_method': 'duelingASN', 'seed': 456, 'total_timesteps': 100000, 'policy': <class 'stable_baselines.deepq.policies.LnCnnPolicy'>}
