start: at 2018-11-27 03:57:46.125223 	 with {'env_name': 'MountainCarContinuous-v0', 'noise_method': 'base_psn', 'seed': 123, 'total_timesteps': 2000000, 'experiment_name': 'ddpg_e13', 'std': 0.2}
start: at 2018-11-27 03:57:46.125571 	 with {'env_name': 'MountainCarContinuous-v0', 'noise_method': 'switch_psn_to_asn', 'seed': 123, 'total_timesteps': 2000000, 'experiment_name': 'ddpg_e13', 'std': 0.2}
start: at 2018-11-27 03:57:46.125602 	 with {'env_name': 'MountainCarContinuous-v0', 'noise_method': 'switch_psn_to_asn', 'seed': 789, 'total_timesteps': 2000000, 'experiment_name': 'ddpg_e13', 'std': 0.2}
start: at 2018-11-27 03:57:46.125814 	 with {'env_name': 'MountainCarContinuous-v0', 'noise_method': 'anneal_psn_and_switch_to_asn', 'seed': 456, 'total_timesteps': 2000000, 'experiment_name': 'ddpg_e13', 'std': 0.2}
start: at 2018-11-27 03:57:46.125824 	 with {'env_name': 'MountainCarContinuous-v0', 'noise_method': 'switch_psn_to_asn', 'seed': 456, 'total_timesteps': 2000000, 'experiment_name': 'ddpg_e13', 'std': 0.2}
start: at 2018-11-27 03:57:46.125833 	 with {'env_name': 'MountainCarContinuous-v0', 'noise_method': 'base_psn', 'seed': 456, 'total_timesteps': 2000000, 'experiment_name': 'ddpg_e13', 'std': 0.2}
start: at 2018-11-27 03:57:46.125830 	 with {'env_name': 'MountainCarContinuous-v0', 'noise_method': 'anneal_psn_and_switch_to_asn', 'seed': 123, 'total_timesteps': 2000000, 'experiment_name': 'ddpg_e13', 'std': 0.2}
start: at 2018-11-27 03:57:46.125836 	 with {'env_name': 'MountainCarContinuous-v0', 'noise_method': 'base_psn', 'seed': 789, 'total_timesteps': 2000000, 'experiment_name': 'ddpg_e13', 'std': 0.2}
start: at 2018-11-27 03:57:46.125947 	 with {'env_name': 'MountainCarContinuous-v0', 'noise_method': 'anneal_psn_and_switch_to_asn', 'seed': 789, 'total_timesteps': 2000000, 'experiment_name': 'ddpg_e13', 'std': 0.2}
start: at 2018-11-27 03:57:46.126018 	 with {'env_name': 'MountainCarContinuous-v0', 'noise_method': 'anneal_psn_to_asn', 'seed': 123, 'total_timesteps': 2000000, 'experiment_name': 'ddpg_e13', 'std': 0.2}
start: at 2018-11-27 03:57:46.126108 	 with {'env_name': 'MountainCarContinuous-v0', 'noise_method': 'anneal_psn_to_asn', 'seed': 456, 'total_timesteps': 2000000, 'experiment_name': 'ddpg_e13', 'std': 0.2}
start: at 2018-11-27 03:57:46.126218 	 with {'env_name': 'MountainCarContinuous-v0', 'noise_method': 'anneal_psn_to_asn', 'seed': 789, 'total_timesteps': 2000000, 'experiment_name': 'ddpg_e13', 'std': 0.2}
start: at 2018-11-27 03:57:46.126314 	 with {'env_name': 'LunarLanderContinuous-v2', 'noise_method': 'base_psn', 'seed': 123, 'total_timesteps': 2000000, 'experiment_name': 'ddpg_e13', 'std': 0.2}
start: at 2018-11-27 03:57:46.126419 	 with {'env_name': 'LunarLanderContinuous-v2', 'noise_method': 'base_psn', 'seed': 456, 'total_timesteps': 2000000, 'experiment_name': 'ddpg_e13', 'std': 0.2}
start: at 2018-11-27 03:57:46.126521 	 with {'env_name': 'LunarLanderContinuous-v2', 'noise_method': 'base_psn', 'seed': 789, 'total_timesteps': 2000000, 'experiment_name': 'ddpg_e13', 'std': 0.2}
start: at 2018-11-27 03:57:46.126617 	 with {'env_name': 'LunarLanderContinuous-v2', 'noise_method': 'switch_psn_to_asn', 'seed': 123, 'total_timesteps': 2000000, 'experiment_name': 'ddpg_e13', 'std': 0.2}
start: at 2018-11-27 03:57:46.126719 	 with {'env_name': 'LunarLanderContinuous-v2', 'noise_method': 'switch_psn_to_asn', 'seed': 456, 'total_timesteps': 2000000, 'experiment_name': 'ddpg_e13', 'std': 0.2}
start: at 2018-11-27 03:57:46.126819 	 with {'env_name': 'LunarLanderContinuous-v2', 'noise_method': 'switch_psn_to_asn', 'seed': 789, 'total_timesteps': 2000000, 'experiment_name': 'ddpg_e13', 'std': 0.2}
start: at 2018-11-27 03:57:46.126916 	 with {'env_name': 'LunarLanderContinuous-v2', 'noise_method': 'anneal_psn_and_switch_to_asn', 'seed': 123, 'total_timesteps': 2000000, 'experiment_name': 'ddpg_e13', 'std': 0.2}
start: at 2018-11-27 03:57:46.127015 	 with {'env_name': 'LunarLanderContinuous-v2', 'noise_method': 'anneal_psn_and_switch_to_asn', 'seed': 456, 'total_timesteps': 2000000, 'experiment_name': 'ddpg_e13', 'std': 0.2}
start: at 2018-11-27 03:57:46.127113 	 with {'env_name': 'LunarLanderContinuous-v2', 'noise_method': 'anneal_psn_and_switch_to_asn', 'seed': 789, 'total_timesteps': 2000000, 'experiment_name': 'ddpg_e13', 'std': 0.2}
start: at 2018-11-27 03:57:46.127218 	 with {'env_name': 'LunarLanderContinuous-v2', 'noise_method': 'anneal_psn_to_asn', 'seed': 123, 'total_timesteps': 2000000, 'experiment_name': 'ddpg_e13', 'std': 0.2}
start: at 2018-11-27 03:57:46.127299 	 with {'env_name': 'LunarLanderContinuous-v2', 'noise_method': 'anneal_psn_to_asn', 'seed': 456, 'total_timesteps': 2000000, 'experiment_name': 'ddpg_e13', 'std': 0.2}
start: at 2018-11-27 03:57:46.127404 	 with {'env_name': 'LunarLanderContinuous-v2', 'noise_method': 'anneal_psn_to_asn', 'seed': 789, 'total_timesteps': 2000000, 'experiment_name': 'ddpg_e13', 'std': 0.2}
start: at 2018-11-27 03:57:46.127571 	 with {'env_name': 'BipedalWalker-v2', 'noise_method': 'base_psn', 'seed': 123, 'total_timesteps': 2000000, 'experiment_name': 'ddpg_e13', 'std': 0.2}
start: at 2018-11-27 03:57:46.127667 	 with {'env_name': 'BipedalWalker-v2', 'noise_method': 'base_psn', 'seed': 456, 'total_timesteps': 2000000, 'experiment_name': 'ddpg_e13', 'std': 0.2}
start: at 2018-11-27 03:57:46.127758 	 with {'env_name': 'BipedalWalker-v2', 'noise_method': 'base_psn', 'seed': 789, 'total_timesteps': 2000000, 'experiment_name': 'ddpg_e13', 'std': 0.2}
start: at 2018-11-27 03:57:46.127931 	 with {'env_name': 'BipedalWalker-v2', 'noise_method': 'switch_psn_to_asn', 'seed': 123, 'total_timesteps': 2000000, 'experiment_name': 'ddpg_e13', 'std': 0.2}
start: at 2018-11-27 03:57:46.128034 	 with {'env_name': 'BipedalWalker-v2', 'noise_method': 'switch_psn_to_asn', 'seed': 456, 'total_timesteps': 2000000, 'experiment_name': 'ddpg_e13', 'std': 0.2}
start: at 2018-11-27 03:57:46.128124 	 with {'env_name': 'BipedalWalker-v2', 'noise_method': 'switch_psn_to_asn', 'seed': 789, 'total_timesteps': 2000000, 'experiment_name': 'ddpg_e13', 'std': 0.2}
start: at 2018-11-27 03:57:46.128226 	 with {'env_name': 'BipedalWalker-v2', 'noise_method': 'anneal_psn_and_switch_to_asn', 'seed': 123, 'total_timesteps': 2000000, 'experiment_name': 'ddpg_e13', 'std': 0.2}
start: at 2018-11-27 03:57:46.128387 	 with {'env_name': 'BipedalWalker-v2', 'noise_method': 'anneal_psn_and_switch_to_asn', 'seed': 456, 'total_timesteps': 2000000, 'experiment_name': 'ddpg_e13', 'std': 0.2}
start: at 2018-11-27 03:57:46.128628 	 with {'env_name': 'BipedalWalker-v2', 'noise_method': 'anneal_psn_and_switch_to_asn', 'seed': 789, 'total_timesteps': 2000000, 'experiment_name': 'ddpg_e13', 'std': 0.2}
start: at 2018-11-27 03:57:46.128683 	 with {'env_name': 'BipedalWalker-v2', 'noise_method': 'anneal_psn_to_asn', 'seed': 123, 'total_timesteps': 2000000, 'experiment_name': 'ddpg_e13', 'std': 0.2}
start: at 2018-11-27 03:57:46.128802 	 with {'env_name': 'BipedalWalker-v2', 'noise_method': 'anneal_psn_to_asn', 'seed': 789, 'total_timesteps': 2000000, 'experiment_name': 'ddpg_e13', 'std': 0.2}
start: at 2018-11-27 03:57:46.132872 	 with {'env_name': 'BipedalWalker-v2', 'noise_method': 'anneal_psn_to_asn', 'seed': 456, 'total_timesteps': 2000000, 'experiment_name': 'ddpg_e13', 'std': 0.2}
done: at 2018-11-27 05:37:55.258725 	 with {'env_name': 'MountainCarContinuous-v0', 'noise_method': 'base_psn', 'seed': 123, 'total_timesteps': 2000000, 'experiment_name': 'ddpg_e13', 'std': 0.2}
done: at 2018-11-27 05:37:55.258849 	 with {'env_name': 'MountainCarContinuous-v0', 'noise_method': 'base_psn', 'seed': 456, 'total_timesteps': 2000000, 'experiment_name': 'ddpg_e13', 'std': 0.2}
done: at 2018-11-27 05:37:55.258893 	 with {'env_name': 'MountainCarContinuous-v0', 'noise_method': 'base_psn', 'seed': 789, 'total_timesteps': 2000000, 'experiment_name': 'ddpg_e13', 'std': 0.2}
done: at 2018-11-27 05:37:55.258937 	 with {'env_name': 'MountainCarContinuous-v0', 'noise_method': 'switch_psn_to_asn', 'seed': 123, 'total_timesteps': 2000000, 'experiment_name': 'ddpg_e13', 'std': 0.2}
done: at 2018-11-27 05:37:55.258977 	 with {'env_name': 'MountainCarContinuous-v0', 'noise_method': 'switch_psn_to_asn', 'seed': 456, 'total_timesteps': 2000000, 'experiment_name': 'ddpg_e13', 'std': 0.2}
done: at 2018-11-27 05:37:55.259020 	 with {'env_name': 'MountainCarContinuous-v0', 'noise_method': 'switch_psn_to_asn', 'seed': 789, 'total_timesteps': 2000000, 'experiment_name': 'ddpg_e13', 'std': 0.2}
done: at 2018-11-27 05:37:55.259055 	 with {'env_name': 'MountainCarContinuous-v0', 'noise_method': 'anneal_psn_and_switch_to_asn', 'seed': 123, 'total_timesteps': 2000000, 'experiment_name': 'ddpg_e13', 'std': 0.2}
done: at 2018-11-27 05:37:55.259095 	 with {'env_name': 'MountainCarContinuous-v0', 'noise_method': 'anneal_psn_and_switch_to_asn', 'seed': 456, 'total_timesteps': 2000000, 'experiment_name': 'ddpg_e13', 'std': 0.2}
done: at 2018-11-27 05:37:55.259134 	 with {'env_name': 'MountainCarContinuous-v0', 'noise_method': 'anneal_psn_and_switch_to_asn', 'seed': 789, 'total_timesteps': 2000000, 'experiment_name': 'ddpg_e13', 'std': 0.2}
done: at 2018-11-27 05:37:55.259167 	 with {'env_name': 'MountainCarContinuous-v0', 'noise_method': 'anneal_psn_to_asn', 'seed': 123, 'total_timesteps': 2000000, 'experiment_name': 'ddpg_e13', 'std': 0.2}
done: at 2018-11-27 05:37:55.259200 	 with {'env_name': 'MountainCarContinuous-v0', 'noise_method': 'anneal_psn_to_asn', 'seed': 456, 'total_timesteps': 2000000, 'experiment_name': 'ddpg_e13', 'std': 0.2}
done: at 2018-11-27 05:37:55.259233 	 with {'env_name': 'MountainCarContinuous-v0', 'noise_method': 'anneal_psn_to_asn', 'seed': 789, 'total_timesteps': 2000000, 'experiment_name': 'ddpg_e13', 'std': 0.2}
done: at 2018-11-27 06:09:40.094917 	 with {'env_name': 'LunarLanderContinuous-v2', 'noise_method': 'base_psn', 'seed': 123, 'total_timesteps': 2000000, 'experiment_name': 'ddpg_e13', 'std': 0.2}
done: at 2018-11-27 06:12:29.236066 	 with {'env_name': 'LunarLanderContinuous-v2', 'noise_method': 'base_psn', 'seed': 456, 'total_timesteps': 2000000, 'experiment_name': 'ddpg_e13', 'std': 0.2}
done: at 2018-11-27 06:12:29.236152 	 with {'env_name': 'LunarLanderContinuous-v2', 'noise_method': 'base_psn', 'seed': 789, 'total_timesteps': 2000000, 'experiment_name': 'ddpg_e13', 'std': 0.2}
done: at 2018-11-27 06:12:29.236194 	 with {'env_name': 'LunarLanderContinuous-v2', 'noise_method': 'switch_psn_to_asn', 'seed': 123, 'total_timesteps': 2000000, 'experiment_name': 'ddpg_e13', 'std': 0.2}
done: at 2018-11-27 06:12:29.236232 	 with {'env_name': 'LunarLanderContinuous-v2', 'noise_method': 'switch_psn_to_asn', 'seed': 456, 'total_timesteps': 2000000, 'experiment_name': 'ddpg_e13', 'std': 0.2}
done: at 2018-11-27 06:12:29.236267 	 with {'env_name': 'LunarLanderContinuous-v2', 'noise_method': 'switch_psn_to_asn', 'seed': 789, 'total_timesteps': 2000000, 'experiment_name': 'ddpg_e13', 'std': 0.2}
done: at 2018-11-27 06:12:29.236301 	 with {'env_name': 'LunarLanderContinuous-v2', 'noise_method': 'anneal_psn_and_switch_to_asn', 'seed': 123, 'total_timesteps': 2000000, 'experiment_name': 'ddpg_e13', 'std': 0.2}
done: at 2018-11-27 06:12:29.236337 	 with {'env_name': 'LunarLanderContinuous-v2', 'noise_method': 'anneal_psn_and_switch_to_asn', 'seed': 456, 'total_timesteps': 2000000, 'experiment_name': 'ddpg_e13', 'std': 0.2}
done: at 2018-11-27 06:12:29.236371 	 with {'env_name': 'LunarLanderContinuous-v2', 'noise_method': 'anneal_psn_and_switch_to_asn', 'seed': 789, 'total_timesteps': 2000000, 'experiment_name': 'ddpg_e13', 'std': 0.2}
done: at 2018-11-27 06:12:29.236403 	 with {'env_name': 'LunarLanderContinuous-v2', 'noise_method': 'anneal_psn_to_asn', 'seed': 123, 'total_timesteps': 2000000, 'experiment_name': 'ddpg_e13', 'std': 0.2}
done: at 2018-11-27 06:12:29.236436 	 with {'env_name': 'LunarLanderContinuous-v2', 'noise_method': 'anneal_psn_to_asn', 'seed': 456, 'total_timesteps': 2000000, 'experiment_name': 'ddpg_e13', 'std': 0.2}
done: at 2018-11-27 06:12:29.236469 	 with {'env_name': 'LunarLanderContinuous-v2', 'noise_method': 'anneal_psn_to_asn', 'seed': 789, 'total_timesteps': 2000000, 'experiment_name': 'ddpg_e13', 'std': 0.2}
done: at 2018-11-27 06:12:29.236658 	 with {'env_name': 'BipedalWalker-v2', 'noise_method': 'base_psn', 'seed': 123, 'total_timesteps': 2000000, 'experiment_name': 'ddpg_e13', 'std': 0.2}
done: at 2018-11-27 06:12:29.236814 	 with {'env_name': 'BipedalWalker-v2', 'noise_method': 'base_psn', 'seed': 456, 'total_timesteps': 2000000, 'experiment_name': 'ddpg_e13', 'std': 0.2}
done: at 2018-11-27 06:12:29.236860 	 with {'env_name': 'BipedalWalker-v2', 'noise_method': 'base_psn', 'seed': 789, 'total_timesteps': 2000000, 'experiment_name': 'ddpg_e13', 'std': 0.2}
done: at 2018-11-27 06:12:29.236914 	 with {'env_name': 'BipedalWalker-v2', 'noise_method': 'switch_psn_to_asn', 'seed': 123, 'total_timesteps': 2000000, 'experiment_name': 'ddpg_e13', 'std': 0.2}
done: at 2018-11-27 06:12:29.236952 	 with {'env_name': 'BipedalWalker-v2', 'noise_method': 'switch_psn_to_asn', 'seed': 456, 'total_timesteps': 2000000, 'experiment_name': 'ddpg_e13', 'std': 0.2}
done: at 2018-11-27 06:12:29.236985 	 with {'env_name': 'BipedalWalker-v2', 'noise_method': 'switch_psn_to_asn', 'seed': 789, 'total_timesteps': 2000000, 'experiment_name': 'ddpg_e13', 'std': 0.2}
done: at 2018-11-27 06:12:29.237024 	 with {'env_name': 'BipedalWalker-v2', 'noise_method': 'anneal_psn_and_switch_to_asn', 'seed': 123, 'total_timesteps': 2000000, 'experiment_name': 'ddpg_e13', 'std': 0.2}
done: at 2018-11-27 06:12:29.237062 	 with {'env_name': 'BipedalWalker-v2', 'noise_method': 'anneal_psn_and_switch_to_asn', 'seed': 456, 'total_timesteps': 2000000, 'experiment_name': 'ddpg_e13', 'std': 0.2}
done: at 2018-11-27 06:12:29.237096 	 with {'env_name': 'BipedalWalker-v2', 'noise_method': 'anneal_psn_and_switch_to_asn', 'seed': 789, 'total_timesteps': 2000000, 'experiment_name': 'ddpg_e13', 'std': 0.2}
done: at 2018-11-27 06:12:29.237129 	 with {'env_name': 'BipedalWalker-v2', 'noise_method': 'anneal_psn_to_asn', 'seed': 123, 'total_timesteps': 2000000, 'experiment_name': 'ddpg_e13', 'std': 0.2}
done: at 2018-11-27 06:12:29.237161 	 with {'env_name': 'BipedalWalker-v2', 'noise_method': 'anneal_psn_to_asn', 'seed': 456, 'total_timesteps': 2000000, 'experiment_name': 'ddpg_e13', 'std': 0.2}
done: at 2018-11-27 06:12:29.237194 	 with {'env_name': 'BipedalWalker-v2', 'noise_method': 'anneal_psn_to_asn', 'seed': 789, 'total_timesteps': 2000000, 'experiment_name': 'ddpg_e13', 'std': 0.2}
