start: at 2018-12-02 21:44:29.095307 	 with {'env_name': 'MountainCarContinuous-v0', 'noise_method': 'base_psn', 'seed': 123, 'total_timesteps': 1000000, 'experiment_name': 'ddpg_e14', 'std': 0.2}
start: at 2018-12-02 21:44:29.095368 	 with {'env_name': 'MountainCarContinuous-v0', 'noise_method': 'base_psn', 'seed': 456, 'total_timesteps': 1000000, 'experiment_name': 'ddpg_e14', 'std': 0.2}
start: at 2018-12-02 21:44:29.095482 	 with {'env_name': 'MountainCarContinuous-v0', 'noise_method': 'base_psn', 'seed': 789, 'total_timesteps': 1000000, 'experiment_name': 'ddpg_e14', 'std': 0.2}
start: at 2018-12-02 21:44:29.095609 	 with {'env_name': 'MountainCarContinuous-v0', 'noise_method': 'switch_psn_to_asn', 'seed': 123, 'total_timesteps': 1000000, 'experiment_name': 'ddpg_e14', 'std': 0.2}
start: at 2018-12-02 21:44:29.095727 	 with {'env_name': 'MountainCarContinuous-v0', 'noise_method': 'switch_psn_to_asn', 'seed': 456, 'total_timesteps': 1000000, 'experiment_name': 'ddpg_e14', 'std': 0.2}
start: at 2018-12-02 21:44:29.095855 	 with {'env_name': 'MountainCarContinuous-v0', 'noise_method': 'switch_psn_to_asn', 'seed': 789, 'total_timesteps': 1000000, 'experiment_name': 'ddpg_e14', 'std': 0.2}
start: at 2018-12-02 21:44:29.095955 	 with {'env_name': 'MountainCarContinuous-v0', 'noise_method': 'anneal_psn_and_switch_to_asn', 'seed': 123, 'total_timesteps': 1000000, 'experiment_name': 'ddpg_e14', 'std': 0.2}
start: at 2018-12-02 21:44:29.096080 	 with {'env_name': 'MountainCarContinuous-v0', 'noise_method': 'anneal_psn_and_switch_to_asn', 'seed': 456, 'total_timesteps': 1000000, 'experiment_name': 'ddpg_e14', 'std': 0.2}
start: at 2018-12-02 21:44:29.096191 	 with {'env_name': 'MountainCarContinuous-v0', 'noise_method': 'anneal_psn_and_switch_to_asn', 'seed': 789, 'total_timesteps': 1000000, 'experiment_name': 'ddpg_e14', 'std': 0.2}
start: at 2018-12-02 21:44:29.096313 	 with {'env_name': 'MountainCarContinuous-v0', 'noise_method': 'anneal_psn_to_asn', 'seed': 123, 'total_timesteps': 1000000, 'experiment_name': 'ddpg_e14', 'std': 0.2}
start: at 2018-12-02 21:44:29.096443 	 with {'env_name': 'MountainCarContinuous-v0', 'noise_method': 'anneal_psn_to_asn', 'seed': 456, 'total_timesteps': 1000000, 'experiment_name': 'ddpg_e14', 'std': 0.2}
start: at 2018-12-02 21:44:29.096563 	 with {'env_name': 'MountainCarContinuous-v0', 'noise_method': 'anneal_psn_to_asn', 'seed': 789, 'total_timesteps': 1000000, 'experiment_name': 'ddpg_e14', 'std': 0.2}
start: at 2018-12-02 21:44:29.096698 	 with {'env_name': 'LunarLanderContinuous-v2', 'noise_method': 'base_psn', 'seed': 123, 'total_timesteps': 1000000, 'experiment_name': 'ddpg_e14', 'std': 0.2}
start: at 2018-12-02 21:44:29.096814 	 with {'env_name': 'LunarLanderContinuous-v2', 'noise_method': 'base_psn', 'seed': 456, 'total_timesteps': 1000000, 'experiment_name': 'ddpg_e14', 'std': 0.2}
start: at 2018-12-02 21:44:29.096945 	 with {'env_name': 'LunarLanderContinuous-v2', 'noise_method': 'base_psn', 'seed': 789, 'total_timesteps': 1000000, 'experiment_name': 'ddpg_e14', 'std': 0.2}
start: at 2018-12-02 21:44:29.097076 	 with {'env_name': 'LunarLanderContinuous-v2', 'noise_method': 'switch_psn_to_asn', 'seed': 123, 'total_timesteps': 1000000, 'experiment_name': 'ddpg_e14', 'std': 0.2}
start: at 2018-12-02 21:44:29.097205 	 with {'env_name': 'LunarLanderContinuous-v2', 'noise_method': 'switch_psn_to_asn', 'seed': 456, 'total_timesteps': 1000000, 'experiment_name': 'ddpg_e14', 'std': 0.2}
start: at 2018-12-02 21:44:29.097325 	 with {'env_name': 'LunarLanderContinuous-v2', 'noise_method': 'switch_psn_to_asn', 'seed': 789, 'total_timesteps': 1000000, 'experiment_name': 'ddpg_e14', 'std': 0.2}
start: at 2018-12-02 21:44:29.097460 	 with {'env_name': 'LunarLanderContinuous-v2', 'noise_method': 'anneal_psn_and_switch_to_asn', 'seed': 123, 'total_timesteps': 1000000, 'experiment_name': 'ddpg_e14', 'std': 0.2}
start: at 2018-12-02 21:44:29.097569 	 with {'env_name': 'LunarLanderContinuous-v2', 'noise_method': 'anneal_psn_and_switch_to_asn', 'seed': 456, 'total_timesteps': 1000000, 'experiment_name': 'ddpg_e14', 'std': 0.2}
start: at 2018-12-02 21:44:29.097781 	 with {'env_name': 'LunarLanderContinuous-v2', 'noise_method': 'anneal_psn_to_asn', 'seed': 123, 'total_timesteps': 1000000, 'experiment_name': 'ddpg_e14', 'std': 0.2}
start: at 2018-12-02 21:44:29.098116 	 with {'env_name': 'BipedalWalker-v2', 'noise_method': 'base_psn', 'seed': 123, 'total_timesteps': 1000000, 'experiment_name': 'ddpg_e14', 'std': 0.2}
start: at 2018-12-02 21:44:29.098191 	 with {'env_name': 'BipedalWalker-v2', 'noise_method': 'base_psn', 'seed': 456, 'total_timesteps': 1000000, 'experiment_name': 'ddpg_e14', 'std': 0.2}
start: at 2018-12-02 21:44:29.098485 	 with {'env_name': 'BipedalWalker-v2', 'noise_method': 'switch_psn_to_asn', 'seed': 123, 'total_timesteps': 1000000, 'experiment_name': 'ddpg_e14', 'std': 0.2}
start: at 2018-12-02 21:44:29.098664 	 with {'env_name': 'BipedalWalker-v2', 'noise_method': 'switch_psn_to_asn', 'seed': 789, 'total_timesteps': 1000000, 'experiment_name': 'ddpg_e14', 'std': 0.2}
start: at 2018-12-02 21:44:29.098819 	 with {'env_name': 'BipedalWalker-v2', 'noise_method': 'anneal_psn_and_switch_to_asn', 'seed': 123, 'total_timesteps': 1000000, 'experiment_name': 'ddpg_e14', 'std': 0.2}
start: at 2018-12-02 21:44:29.098985 	 with {'env_name': 'BipedalWalker-v2', 'noise_method': 'anneal_psn_and_switch_to_asn', 'seed': 789, 'total_timesteps': 1000000, 'experiment_name': 'ddpg_e14', 'std': 0.2}
start: at 2018-12-02 21:44:29.098985 	 with {'env_name': 'BipedalWalker-v2', 'noise_method': 'switch_psn_to_asn', 'seed': 456, 'total_timesteps': 1000000, 'experiment_name': 'ddpg_e14', 'std': 0.2}
start: at 2018-12-02 21:44:29.098994 	 with {'env_name': 'LunarLanderContinuous-v2', 'noise_method': 'anneal_psn_and_switch_to_asn', 'seed': 789, 'total_timesteps': 1000000, 'experiment_name': 'ddpg_e14', 'std': 0.2}
start: at 2018-12-02 21:44:29.099007 	 with {'env_name': 'BipedalWalker-v2', 'noise_method': 'base_psn', 'seed': 789, 'total_timesteps': 1000000, 'experiment_name': 'ddpg_e14', 'std': 0.2}
start: at 2018-12-02 21:44:29.099009 	 with {'env_name': 'LunarLanderContinuous-v2', 'noise_method': 'anneal_psn_to_asn', 'seed': 789, 'total_timesteps': 1000000, 'experiment_name': 'ddpg_e14', 'std': 0.2}
start: at 2018-12-02 21:44:29.099030 	 with {'env_name': 'LunarLanderContinuous-v2', 'noise_method': 'anneal_psn_to_asn', 'seed': 456, 'total_timesteps': 1000000, 'experiment_name': 'ddpg_e14', 'std': 0.2}
start: at 2018-12-02 21:44:29.099090 	 with {'env_name': 'BipedalWalker-v2', 'noise_method': 'anneal_psn_to_asn', 'seed': 123, 'total_timesteps': 1000000, 'experiment_name': 'ddpg_e14', 'std': 0.2}
start: at 2018-12-02 21:44:29.099169 	 with {'env_name': 'BipedalWalker-v2', 'noise_method': 'anneal_psn_to_asn', 'seed': 456, 'total_timesteps': 1000000, 'experiment_name': 'ddpg_e14', 'std': 0.2}
start: at 2018-12-02 21:44:29.099284 	 with {'env_name': 'BipedalWalker-v2', 'noise_method': 'anneal_psn_to_asn', 'seed': 789, 'total_timesteps': 1000000, 'experiment_name': 'ddpg_e14', 'std': 0.2}
start: at 2018-12-02 21:44:29.099366 	 with {'env_name': 'BipedalWalker-v2', 'noise_method': 'anneal_psn_and_switch_to_asn', 'seed': 456, 'total_timesteps': 1000000, 'experiment_name': 'ddpg_e14', 'std': 0.2}
done: at 2018-12-02 22:51:48.691468 	 with {'env_name': 'MountainCarContinuous-v0', 'noise_method': 'base_psn', 'seed': 123, 'total_timesteps': 1000000, 'experiment_name': 'ddpg_e14', 'std': 0.2}
done: at 2018-12-02 22:51:48.691585 	 with {'env_name': 'MountainCarContinuous-v0', 'noise_method': 'base_psn', 'seed': 456, 'total_timesteps': 1000000, 'experiment_name': 'ddpg_e14', 'std': 0.2}
done: at 2018-12-02 22:51:48.691626 	 with {'env_name': 'MountainCarContinuous-v0', 'noise_method': 'base_psn', 'seed': 789, 'total_timesteps': 1000000, 'experiment_name': 'ddpg_e14', 'std': 0.2}
done: at 2018-12-02 22:51:48.691670 	 with {'env_name': 'MountainCarContinuous-v0', 'noise_method': 'switch_psn_to_asn', 'seed': 123, 'total_timesteps': 1000000, 'experiment_name': 'ddpg_e14', 'std': 0.2}
done: at 2018-12-02 22:51:48.691710 	 with {'env_name': 'MountainCarContinuous-v0', 'noise_method': 'switch_psn_to_asn', 'seed': 456, 'total_timesteps': 1000000, 'experiment_name': 'ddpg_e14', 'std': 0.2}
done: at 2018-12-02 22:51:48.691753 	 with {'env_name': 'MountainCarContinuous-v0', 'noise_method': 'switch_psn_to_asn', 'seed': 789, 'total_timesteps': 1000000, 'experiment_name': 'ddpg_e14', 'std': 0.2}
done: at 2018-12-02 22:51:48.691786 	 with {'env_name': 'MountainCarContinuous-v0', 'noise_method': 'anneal_psn_and_switch_to_asn', 'seed': 123, 'total_timesteps': 1000000, 'experiment_name': 'ddpg_e14', 'std': 0.2}
done: at 2018-12-02 22:51:48.691829 	 with {'env_name': 'MountainCarContinuous-v0', 'noise_method': 'anneal_psn_and_switch_to_asn', 'seed': 456, 'total_timesteps': 1000000, 'experiment_name': 'ddpg_e14', 'std': 0.2}
done: at 2018-12-02 22:51:48.691861 	 with {'env_name': 'MountainCarContinuous-v0', 'noise_method': 'anneal_psn_and_switch_to_asn', 'seed': 789, 'total_timesteps': 1000000, 'experiment_name': 'ddpg_e14', 'std': 0.2}
done: at 2018-12-02 22:51:48.691894 	 with {'env_name': 'MountainCarContinuous-v0', 'noise_method': 'anneal_psn_to_asn', 'seed': 123, 'total_timesteps': 1000000, 'experiment_name': 'ddpg_e14', 'std': 0.2}
done: at 2018-12-02 22:51:48.691927 	 with {'env_name': 'MountainCarContinuous-v0', 'noise_method': 'anneal_psn_to_asn', 'seed': 456, 'total_timesteps': 1000000, 'experiment_name': 'ddpg_e14', 'std': 0.2}
done: at 2018-12-02 22:51:48.691961 	 with {'env_name': 'MountainCarContinuous-v0', 'noise_method': 'anneal_psn_to_asn', 'seed': 789, 'total_timesteps': 1000000, 'experiment_name': 'ddpg_e14', 'std': 0.2}
done: at 2018-12-02 23:15:49.768701 	 with {'env_name': 'LunarLanderContinuous-v2', 'noise_method': 'base_psn', 'seed': 123, 'total_timesteps': 1000000, 'experiment_name': 'ddpg_e14', 'std': 0.2}
done: at 2018-12-02 23:15:49.768796 	 with {'env_name': 'LunarLanderContinuous-v2', 'noise_method': 'base_psn', 'seed': 456, 'total_timesteps': 1000000, 'experiment_name': 'ddpg_e14', 'std': 0.2}
done: at 2018-12-02 23:15:49.768836 	 with {'env_name': 'LunarLanderContinuous-v2', 'noise_method': 'base_psn', 'seed': 789, 'total_timesteps': 1000000, 'experiment_name': 'ddpg_e14', 'std': 0.2}
done: at 2018-12-02 23:15:49.768872 	 with {'env_name': 'LunarLanderContinuous-v2', 'noise_method': 'switch_psn_to_asn', 'seed': 123, 'total_timesteps': 1000000, 'experiment_name': 'ddpg_e14', 'std': 0.2}
done: at 2018-12-02 23:15:49.768908 	 with {'env_name': 'LunarLanderContinuous-v2', 'noise_method': 'switch_psn_to_asn', 'seed': 456, 'total_timesteps': 1000000, 'experiment_name': 'ddpg_e14', 'std': 0.2}
done: at 2018-12-02 23:15:49.768941 	 with {'env_name': 'LunarLanderContinuous-v2', 'noise_method': 'switch_psn_to_asn', 'seed': 789, 'total_timesteps': 1000000, 'experiment_name': 'ddpg_e14', 'std': 0.2}
done: at 2018-12-02 23:15:49.768975 	 with {'env_name': 'LunarLanderContinuous-v2', 'noise_method': 'anneal_psn_and_switch_to_asn', 'seed': 123, 'total_timesteps': 1000000, 'experiment_name': 'ddpg_e14', 'std': 0.2}
done: at 2018-12-02 23:15:49.769009 	 with {'env_name': 'LunarLanderContinuous-v2', 'noise_method': 'anneal_psn_and_switch_to_asn', 'seed': 456, 'total_timesteps': 1000000, 'experiment_name': 'ddpg_e14', 'std': 0.2}
done: at 2018-12-02 23:15:49.769043 	 with {'env_name': 'LunarLanderContinuous-v2', 'noise_method': 'anneal_psn_and_switch_to_asn', 'seed': 789, 'total_timesteps': 1000000, 'experiment_name': 'ddpg_e14', 'std': 0.2}
done: at 2018-12-02 23:15:49.769075 	 with {'env_name': 'LunarLanderContinuous-v2', 'noise_method': 'anneal_psn_to_asn', 'seed': 123, 'total_timesteps': 1000000, 'experiment_name': 'ddpg_e14', 'std': 0.2}
done: at 2018-12-02 23:15:49.769108 	 with {'env_name': 'LunarLanderContinuous-v2', 'noise_method': 'anneal_psn_to_asn', 'seed': 456, 'total_timesteps': 1000000, 'experiment_name': 'ddpg_e14', 'std': 0.2}
done: at 2018-12-02 23:15:49.769140 	 with {'env_name': 'LunarLanderContinuous-v2', 'noise_method': 'anneal_psn_to_asn', 'seed': 789, 'total_timesteps': 1000000, 'experiment_name': 'ddpg_e14', 'std': 0.2}
done: at 2018-12-02 23:15:49.769176 	 with {'env_name': 'BipedalWalker-v2', 'noise_method': 'base_psn', 'seed': 123, 'total_timesteps': 1000000, 'experiment_name': 'ddpg_e14', 'std': 0.2}
done: at 2018-12-02 23:15:49.769223 	 with {'env_name': 'BipedalWalker-v2', 'noise_method': 'base_psn', 'seed': 456, 'total_timesteps': 1000000, 'experiment_name': 'ddpg_e14', 'std': 0.2}
done: at 2018-12-02 23:15:49.769255 	 with {'env_name': 'BipedalWalker-v2', 'noise_method': 'base_psn', 'seed': 789, 'total_timesteps': 1000000, 'experiment_name': 'ddpg_e14', 'std': 0.2}
done: at 2018-12-02 23:15:49.769287 	 with {'env_name': 'BipedalWalker-v2', 'noise_method': 'switch_psn_to_asn', 'seed': 123, 'total_timesteps': 1000000, 'experiment_name': 'ddpg_e14', 'std': 0.2}
done: at 2018-12-02 23:15:49.769320 	 with {'env_name': 'BipedalWalker-v2', 'noise_method': 'switch_psn_to_asn', 'seed': 456, 'total_timesteps': 1000000, 'experiment_name': 'ddpg_e14', 'std': 0.2}
done: at 2018-12-02 23:15:49.769377 	 with {'env_name': 'BipedalWalker-v2', 'noise_method': 'switch_psn_to_asn', 'seed': 789, 'total_timesteps': 1000000, 'experiment_name': 'ddpg_e14', 'std': 0.2}
done: at 2018-12-02 23:15:49.769412 	 with {'env_name': 'BipedalWalker-v2', 'noise_method': 'anneal_psn_and_switch_to_asn', 'seed': 123, 'total_timesteps': 1000000, 'experiment_name': 'ddpg_e14', 'std': 0.2}
done: at 2018-12-02 23:15:49.769448 	 with {'env_name': 'BipedalWalker-v2', 'noise_method': 'anneal_psn_and_switch_to_asn', 'seed': 456, 'total_timesteps': 1000000, 'experiment_name': 'ddpg_e14', 'std': 0.2}
done: at 2018-12-02 23:15:49.769480 	 with {'env_name': 'BipedalWalker-v2', 'noise_method': 'anneal_psn_and_switch_to_asn', 'seed': 789, 'total_timesteps': 1000000, 'experiment_name': 'ddpg_e14', 'std': 0.2}
done: at 2018-12-02 23:15:49.769512 	 with {'env_name': 'BipedalWalker-v2', 'noise_method': 'anneal_psn_to_asn', 'seed': 123, 'total_timesteps': 1000000, 'experiment_name': 'ddpg_e14', 'std': 0.2}
done: at 2018-12-02 23:15:49.769544 	 with {'env_name': 'BipedalWalker-v2', 'noise_method': 'anneal_psn_to_asn', 'seed': 456, 'total_timesteps': 1000000, 'experiment_name': 'ddpg_e14', 'std': 0.2}
done: at 2018-12-02 23:15:49.769575 	 with {'env_name': 'BipedalWalker-v2', 'noise_method': 'anneal_psn_to_asn', 'seed': 789, 'total_timesteps': 1000000, 'experiment_name': 'ddpg_e14', 'std': 0.2}
