done: at 2018-11-27 01:49:12.195119 	 with {'env_name': 'MountainCarContinuous-v0', 'noise_method': 'base_psn', 'seed': 123, 'total_timesteps': 1000000, 'experiment_name': 'ddpg_e12', 'std': 0.2}
done: at 2018-11-27 01:49:12.195248 	 with {'env_name': 'MountainCarContinuous-v0', 'noise_method': 'base_psn', 'seed': 456, 'total_timesteps': 1000000, 'experiment_name': 'ddpg_e12', 'std': 0.2}
done: at 2018-11-27 01:49:12.195290 	 with {'env_name': 'MountainCarContinuous-v0', 'noise_method': 'base_psn', 'seed': 789, 'total_timesteps': 1000000, 'experiment_name': 'ddpg_e12', 'std': 0.2}
done: at 2018-11-27 01:49:12.195336 	 with {'env_name': 'MountainCarContinuous-v0', 'noise_method': 'switch_psn_to_asn', 'seed': 123, 'total_timesteps': 1000000, 'experiment_name': 'ddpg_e12', 'std': 0.2}
done: at 2018-11-27 01:49:12.195376 	 with {'env_name': 'MountainCarContinuous-v0', 'noise_method': 'switch_psn_to_asn', 'seed': 456, 'total_timesteps': 1000000, 'experiment_name': 'ddpg_e12', 'std': 0.2}
done: at 2018-11-27 01:49:12.195410 	 with {'env_name': 'MountainCarContinuous-v0', 'noise_method': 'switch_psn_to_asn', 'seed': 789, 'total_timesteps': 1000000, 'experiment_name': 'ddpg_e12', 'std': 0.2}
done: at 2018-11-27 01:49:12.195443 	 with {'env_name': 'MountainCarContinuous-v0', 'noise_method': 'anneal_psn_and_switch_to_asn', 'seed': 123, 'total_timesteps': 1000000, 'experiment_name': 'ddpg_e12', 'std': 0.2}
done: at 2018-11-27 01:49:12.195487 	 with {'env_name': 'MountainCarContinuous-v0', 'noise_method': 'anneal_psn_and_switch_to_asn', 'seed': 456, 'total_timesteps': 1000000, 'experiment_name': 'ddpg_e12', 'std': 0.2}
done: at 2018-11-27 01:49:12.195520 	 with {'env_name': 'MountainCarContinuous-v0', 'noise_method': 'anneal_psn_and_switch_to_asn', 'seed': 789, 'total_timesteps': 1000000, 'experiment_name': 'ddpg_e12', 'std': 0.2}
done: at 2018-11-27 01:49:12.195553 	 with {'env_name': 'MountainCarContinuous-v0', 'noise_method': 'anneal_psn_to_asn', 'seed': 123, 'total_timesteps': 1000000, 'experiment_name': 'ddpg_e12', 'std': 0.2}
done: at 2018-11-27 01:49:12.195585 	 with {'env_name': 'MountainCarContinuous-v0', 'noise_method': 'anneal_psn_to_asn', 'seed': 456, 'total_timesteps': 1000000, 'experiment_name': 'ddpg_e12', 'std': 0.2}
done: at 2018-11-27 01:49:12.195618 	 with {'env_name': 'MountainCarContinuous-v0', 'noise_method': 'anneal_psn_to_asn', 'seed': 789, 'total_timesteps': 1000000, 'experiment_name': 'ddpg_e12', 'std': 0.2}
done: at 2018-11-27 02:07:08.327486 	 with {'env_name': 'LunarLanderContinuous-v2', 'noise_method': 'base_psn', 'seed': 123, 'total_timesteps': 1000000, 'experiment_name': 'ddpg_e12', 'std': 0.2}
done: at 2018-11-27 02:14:54.770972 	 with {'env_name': 'LunarLanderContinuous-v2', 'noise_method': 'base_psn', 'seed': 456, 'total_timesteps': 1000000, 'experiment_name': 'ddpg_e12', 'std': 0.2}
done: at 2018-11-27 02:14:54.771057 	 with {'env_name': 'LunarLanderContinuous-v2', 'noise_method': 'base_psn', 'seed': 789, 'total_timesteps': 1000000, 'experiment_name': 'ddpg_e12', 'std': 0.2}
done: at 2018-11-27 02:14:54.771191 	 with {'env_name': 'LunarLanderContinuous-v2', 'noise_method': 'switch_psn_to_asn', 'seed': 123, 'total_timesteps': 1000000, 'experiment_name': 'ddpg_e12', 'std': 0.2}
done: at 2018-11-27 02:14:54.771260 	 with {'env_name': 'LunarLanderContinuous-v2', 'noise_method': 'switch_psn_to_asn', 'seed': 456, 'total_timesteps': 1000000, 'experiment_name': 'ddpg_e12', 'std': 0.2}
done: at 2018-11-27 02:14:54.771297 	 with {'env_name': 'LunarLanderContinuous-v2', 'noise_method': 'switch_psn_to_asn', 'seed': 789, 'total_timesteps': 1000000, 'experiment_name': 'ddpg_e12', 'std': 0.2}
done: at 2018-11-27 02:14:54.771333 	 with {'env_name': 'LunarLanderContinuous-v2', 'noise_method': 'anneal_psn_and_switch_to_asn', 'seed': 123, 'total_timesteps': 1000000, 'experiment_name': 'ddpg_e12', 'std': 0.2}
done: at 2018-11-27 02:14:54.771424 	 with {'env_name': 'LunarLanderContinuous-v2', 'noise_method': 'anneal_psn_and_switch_to_asn', 'seed': 456, 'total_timesteps': 1000000, 'experiment_name': 'ddpg_e12', 'std': 0.2}
done: at 2018-11-27 02:14:54.771466 	 with {'env_name': 'LunarLanderContinuous-v2', 'noise_method': 'anneal_psn_and_switch_to_asn', 'seed': 789, 'total_timesteps': 1000000, 'experiment_name': 'ddpg_e12', 'std': 0.2}
done: at 2018-11-27 02:14:54.771499 	 with {'env_name': 'LunarLanderContinuous-v2', 'noise_method': 'anneal_psn_to_asn', 'seed': 123, 'total_timesteps': 1000000, 'experiment_name': 'ddpg_e12', 'std': 0.2}
done: at 2018-11-27 02:14:54.771532 	 with {'env_name': 'LunarLanderContinuous-v2', 'noise_method': 'anneal_psn_to_asn', 'seed': 456, 'total_timesteps': 1000000, 'experiment_name': 'ddpg_e12', 'std': 0.2}
done: at 2018-11-27 02:14:54.771565 	 with {'env_name': 'LunarLanderContinuous-v2', 'noise_method': 'anneal_psn_to_asn', 'seed': 789, 'total_timesteps': 1000000, 'experiment_name': 'ddpg_e12', 'std': 0.2}
done: at 2018-11-27 02:14:54.771599 	 with {'env_name': 'BipedalWalker-v2', 'noise_method': 'base_psn', 'seed': 123, 'total_timesteps': 1000000, 'experiment_name': 'ddpg_e12', 'std': 0.2}
done: at 2018-11-27 02:14:54.771653 	 with {'env_name': 'BipedalWalker-v2', 'noise_method': 'base_psn', 'seed': 456, 'total_timesteps': 1000000, 'experiment_name': 'ddpg_e12', 'std': 0.2}
done: at 2018-11-27 02:14:54.771686 	 with {'env_name': 'BipedalWalker-v2', 'noise_method': 'base_psn', 'seed': 789, 'total_timesteps': 1000000, 'experiment_name': 'ddpg_e12', 'std': 0.2}
done: at 2018-11-27 02:14:54.771718 	 with {'env_name': 'BipedalWalker-v2', 'noise_method': 'switch_psn_to_asn', 'seed': 123, 'total_timesteps': 1000000, 'experiment_name': 'ddpg_e12', 'std': 0.2}
done: at 2018-11-27 02:14:54.771751 	 with {'env_name': 'BipedalWalker-v2', 'noise_method': 'switch_psn_to_asn', 'seed': 456, 'total_timesteps': 1000000, 'experiment_name': 'ddpg_e12', 'std': 0.2}
done: at 2018-11-27 02:14:54.771783 	 with {'env_name': 'BipedalWalker-v2', 'noise_method': 'switch_psn_to_asn', 'seed': 789, 'total_timesteps': 1000000, 'experiment_name': 'ddpg_e12', 'std': 0.2}
done: at 2018-11-27 02:14:54.771819 	 with {'env_name': 'BipedalWalker-v2', 'noise_method': 'anneal_psn_and_switch_to_asn', 'seed': 123, 'total_timesteps': 1000000, 'experiment_name': 'ddpg_e12', 'std': 0.2}
done: at 2018-11-27 02:14:54.771858 	 with {'env_name': 'BipedalWalker-v2', 'noise_method': 'anneal_psn_and_switch_to_asn', 'seed': 456, 'total_timesteps': 1000000, 'experiment_name': 'ddpg_e12', 'std': 0.2}
done: at 2018-11-27 02:14:54.771890 	 with {'env_name': 'BipedalWalker-v2', 'noise_method': 'anneal_psn_and_switch_to_asn', 'seed': 789, 'total_timesteps': 1000000, 'experiment_name': 'ddpg_e12', 'std': 0.2}
done: at 2018-11-27 02:14:54.771922 	 with {'env_name': 'BipedalWalker-v2', 'noise_method': 'anneal_psn_to_asn', 'seed': 123, 'total_timesteps': 1000000, 'experiment_name': 'ddpg_e12', 'std': 0.2}
done: at 2018-11-27 02:14:54.771953 	 with {'env_name': 'BipedalWalker-v2', 'noise_method': 'anneal_psn_to_asn', 'seed': 456, 'total_timesteps': 1000000, 'experiment_name': 'ddpg_e12', 'std': 0.2}
done: at 2018-11-27 02:14:54.771985 	 with {'env_name': 'BipedalWalker-v2', 'noise_method': 'anneal_psn_to_asn', 'seed': 789, 'total_timesteps': 1000000, 'experiment_name': 'ddpg_e12', 'std': 0.2}
