start: at 2018-11-29 00:59:59.848562 	 with {'experiment_name': 'dqn_e20', 'env_name': 'SpaceInvaders-ram', 'noise_method': 'basePSN', 'seed': 123, 'total_timesteps': 100000, 'policy': <class 'stable_baselines.deepq.policies.LnMlpPolicy'>}
start: at 2018-11-29 00:59:59.848609 	 with {'experiment_name': 'dqn_e20', 'env_name': 'SpaceInvaders-ram', 'noise_method': 'basePSN', 'seed': 456, 'total_timesteps': 100000, 'policy': <class 'stable_baselines.deepq.policies.LnMlpPolicy'>}
start: at 2018-11-29 00:59:59.848701 	 with {'experiment_name': 'dqn_e20', 'env_name': 'SpaceInvaders-ram', 'noise_method': 'basePSN', 'seed': 789, 'total_timesteps': 100000, 'policy': <class 'stable_baselines.deepq.policies.LnMlpPolicy'>}
start: at 2018-11-29 00:59:59.848810 	 with {'experiment_name': 'dqn_e20', 'env_name': 'SpaceInvaders-ram', 'noise_method': 'duelingPSN', 'seed': 123, 'total_timesteps': 100000, 'policy': <class 'stable_baselines.deepq.policies.LnMlpPolicy'>}
start: at 2018-11-29 00:59:59.848907 	 with {'experiment_name': 'dqn_e20', 'env_name': 'SpaceInvaders-ram', 'noise_method': 'duelingPSN', 'seed': 456, 'total_timesteps': 100000, 'policy': <class 'stable_baselines.deepq.policies.LnMlpPolicy'>}
start: at 2018-11-29 00:59:59.849006 	 with {'experiment_name': 'dqn_e20', 'env_name': 'SpaceInvaders-ram', 'noise_method': 'duelingPSN', 'seed': 789, 'total_timesteps': 100000, 'policy': <class 'stable_baselines.deepq.policies.LnMlpPolicy'>}
start: at 2018-11-29 00:59:59.849120 	 with {'experiment_name': 'dqn_e20', 'env_name': 'SpaceInvaders-ram', 'noise_method': 'duelingASN', 'seed': 123, 'total_timesteps': 100000, 'policy': <class 'stable_baselines.deepq.policies.LnMlpPolicy'>}
start: at 2018-11-29 00:59:59.849225 	 with {'experiment_name': 'dqn_e20', 'env_name': 'SpaceInvaders-ram', 'noise_method': 'duelingASN', 'seed': 456, 'total_timesteps': 100000, 'policy': <class 'stable_baselines.deepq.policies.LnMlpPolicy'>}
start: at 2018-11-29 00:59:59.849442 	 with {'experiment_name': 'dqn_e20', 'env_name': 'Breakout-ram', 'noise_method': 'basePSN', 'seed': 123, 'total_timesteps': 100000, 'policy': <class 'stable_baselines.deepq.policies.LnMlpPolicy'>}
start: at 2018-11-29 00:59:59.849544 	 with {'experiment_name': 'dqn_e20', 'env_name': 'Breakout-ram', 'noise_method': 'basePSN', 'seed': 456, 'total_timesteps': 100000, 'policy': <class 'stable_baselines.deepq.policies.LnMlpPolicy'>}
start: at 2018-11-29 00:59:59.849649 	 with {'experiment_name': 'dqn_e20', 'env_name': 'Breakout-ram', 'noise_method': 'basePSN', 'seed': 789, 'total_timesteps': 100000, 'policy': <class 'stable_baselines.deepq.policies.LnMlpPolicy'>}
start: at 2018-11-29 00:59:59.849760 	 with {'experiment_name': 'dqn_e20', 'env_name': 'Breakout-ram', 'noise_method': 'duelingPSN', 'seed': 123, 'total_timesteps': 100000, 'policy': <class 'stable_baselines.deepq.policies.LnMlpPolicy'>}
start: at 2018-11-29 00:59:59.849856 	 with {'experiment_name': 'dqn_e20', 'env_name': 'Breakout-ram', 'noise_method': 'duelingPSN', 'seed': 456, 'total_timesteps': 100000, 'policy': <class 'stable_baselines.deepq.policies.LnMlpPolicy'>}
start: at 2018-11-29 00:59:59.849959 	 with {'experiment_name': 'dqn_e20', 'env_name': 'Breakout-ram', 'noise_method': 'duelingPSN', 'seed': 789, 'total_timesteps': 100000, 'policy': <class 'stable_baselines.deepq.policies.LnMlpPolicy'>}
start: at 2018-11-29 00:59:59.850068 	 with {'experiment_name': 'dqn_e20', 'env_name': 'Breakout-ram', 'noise_method': 'duelingASN', 'seed': 123, 'total_timesteps': 100000, 'policy': <class 'stable_baselines.deepq.policies.LnMlpPolicy'>}
start: at 2018-11-29 00:59:59.850438 	 with {'experiment_name': 'dqn_e20', 'env_name': 'Breakout-ram', 'noise_method': 'duelingASN', 'seed': 456, 'total_timesteps': 100000, 'policy': <class 'stable_baselines.deepq.policies.LnMlpPolicy'>}
start: at 2018-11-29 00:59:59.850449 	 with {'experiment_name': 'dqn_e20', 'env_name': 'Enduro-ram', 'noise_method': 'basePSN', 'seed': 123, 'total_timesteps': 100000, 'policy': <class 'stable_baselines.deepq.policies.LnMlpPolicy'>}
start: at 2018-11-29 00:59:59.850546 	 with {'experiment_name': 'dqn_e20', 'env_name': 'Enduro-ram', 'noise_method': 'basePSN', 'seed': 456, 'total_timesteps': 100000, 'policy': <class 'stable_baselines.deepq.policies.LnMlpPolicy'>}
start: at 2018-11-29 00:59:59.850651 	 with {'experiment_name': 'dqn_e20', 'env_name': 'Enduro-ram', 'noise_method': 'basePSN', 'seed': 789, 'total_timesteps': 100000, 'policy': <class 'stable_baselines.deepq.policies.LnMlpPolicy'>}
start: at 2018-11-29 00:59:59.850747 	 with {'experiment_name': 'dqn_e20', 'env_name': 'Enduro-ram', 'noise_method': 'duelingPSN', 'seed': 123, 'total_timesteps': 100000, 'policy': <class 'stable_baselines.deepq.policies.LnMlpPolicy'>}
start: at 2018-11-29 00:59:59.850920 	 with {'experiment_name': 'dqn_e20', 'env_name': 'Enduro-ram', 'noise_method': 'duelingPSN', 'seed': 456, 'total_timesteps': 100000, 'policy': <class 'stable_baselines.deepq.policies.LnMlpPolicy'>}
start: at 2018-11-29 00:59:59.850974 	 with {'experiment_name': 'dqn_e20', 'env_name': 'Enduro-ram', 'noise_method': 'duelingPSN', 'seed': 789, 'total_timesteps': 100000, 'policy': <class 'stable_baselines.deepq.policies.LnMlpPolicy'>}
start: at 2018-11-29 00:59:59.851080 	 with {'experiment_name': 'dqn_e20', 'env_name': 'Enduro-ram', 'noise_method': 'duelingASN', 'seed': 123, 'total_timesteps': 100000, 'policy': <class 'stable_baselines.deepq.policies.LnMlpPolicy'>}
start: at 2018-11-29 00:59:59.851285 	 with {'experiment_name': 'dqn_e20', 'env_name': 'Enduro-ram', 'noise_method': 'duelingASN', 'seed': 456, 'total_timesteps': 100000, 'policy': <class 'stable_baselines.deepq.policies.LnMlpPolicy'>}
start: at 2018-11-29 00:59:59.851558 	 with {'experiment_name': 'dqn_e20', 'env_name': 'BeamRider-ram', 'noise_method': 'basePSN', 'seed': 123, 'total_timesteps': 100000, 'policy': <class 'stable_baselines.deepq.policies.LnMlpPolicy'>}
start: at 2018-11-29 00:59:59.851687 	 with {'experiment_name': 'dqn_e20', 'env_name': 'BeamRider-ram', 'noise_method': 'basePSN', 'seed': 456, 'total_timesteps': 100000, 'policy': <class 'stable_baselines.deepq.policies.LnMlpPolicy'>}
start: at 2018-11-29 00:59:59.851736 	 with {'experiment_name': 'dqn_e20', 'env_name': 'BeamRider-ram', 'noise_method': 'basePSN', 'seed': 789, 'total_timesteps': 100000, 'policy': <class 'stable_baselines.deepq.policies.LnMlpPolicy'>}
start: at 2018-11-29 00:59:59.851862 	 with {'experiment_name': 'dqn_e20', 'env_name': 'BeamRider-ram', 'noise_method': 'duelingPSN', 'seed': 123, 'total_timesteps': 100000, 'policy': <class 'stable_baselines.deepq.policies.LnMlpPolicy'>}
start: at 2018-11-29 00:59:59.851969 	 with {'experiment_name': 'dqn_e20', 'env_name': 'BeamRider-ram', 'noise_method': 'duelingPSN', 'seed': 456, 'total_timesteps': 100000, 'policy': <class 'stable_baselines.deepq.policies.LnMlpPolicy'>}
start: at 2018-11-29 00:59:59.852172 	 with {'experiment_name': 'dqn_e20', 'env_name': 'BeamRider-ram', 'noise_method': 'duelingPSN', 'seed': 789, 'total_timesteps': 100000, 'policy': <class 'stable_baselines.deepq.policies.LnMlpPolicy'>}
start: at 2018-11-29 00:59:59.852328 	 with {'experiment_name': 'dqn_e20', 'env_name': 'BeamRider-ram', 'noise_method': 'duelingASN', 'seed': 123, 'total_timesteps': 100000, 'policy': <class 'stable_baselines.deepq.policies.LnMlpPolicy'>}
start: at 2018-11-29 00:59:59.852466 	 with {'experiment_name': 'dqn_e20', 'env_name': 'BeamRider-ram', 'noise_method': 'duelingASN', 'seed': 456, 'total_timesteps': 100000, 'policy': <class 'stable_baselines.deepq.policies.LnMlpPolicy'>}
start: at 2018-11-29 00:59:59.852814 	 with {'experiment_name': 'dqn_e20', 'env_name': 'Pong-ram', 'noise_method': 'basePSN', 'seed': 123, 'total_timesteps': 100000, 'policy': <class 'stable_baselines.deepq.policies.LnMlpPolicy'>}
start: at 2018-11-29 00:59:59.852885 	 with {'experiment_name': 'dqn_e20', 'env_name': 'Pong-ram', 'noise_method': 'basePSN', 'seed': 456, 'total_timesteps': 100000, 'policy': <class 'stable_baselines.deepq.policies.LnMlpPolicy'>}
start: at 2018-11-29 00:59:59.853025 	 with {'experiment_name': 'dqn_e20', 'env_name': 'Pong-ram', 'noise_method': 'basePSN', 'seed': 789, 'total_timesteps': 100000, 'policy': <class 'stable_baselines.deepq.policies.LnMlpPolicy'>}
start: at 2018-11-29 00:59:59.853175 	 with {'experiment_name': 'dqn_e20', 'env_name': 'Pong-ram', 'noise_method': 'duelingPSN', 'seed': 123, 'total_timesteps': 100000, 'policy': <class 'stable_baselines.deepq.policies.LnMlpPolicy'>}
start: at 2018-11-29 00:59:59.853426 	 with {'experiment_name': 'dqn_e20', 'env_name': 'Pong-ram', 'noise_method': 'duelingPSN', 'seed': 456, 'total_timesteps': 100000, 'policy': <class 'stable_baselines.deepq.policies.LnMlpPolicy'>}
start: at 2018-11-29 00:59:59.853490 	 with {'experiment_name': 'dqn_e20', 'env_name': 'Pong-ram', 'noise_method': 'duelingPSN', 'seed': 789, 'total_timesteps': 100000, 'policy': <class 'stable_baselines.deepq.policies.LnMlpPolicy'>}
start: at 2018-11-29 00:59:59.853739 	 with {'experiment_name': 'dqn_e20', 'env_name': 'Pong-ram', 'noise_method': 'duelingASN', 'seed': 123, 'total_timesteps': 100000, 'policy': <class 'stable_baselines.deepq.policies.LnMlpPolicy'>}
start: at 2018-11-29 00:59:59.853884 	 with {'experiment_name': 'dqn_e20', 'env_name': 'Pong-ram', 'noise_method': 'duelingASN', 'seed': 456, 'total_timesteps': 100000, 'policy': <class 'stable_baselines.deepq.policies.LnMlpPolicy'>}
done: at 2018-11-29 01:26:34.609937 	 with {'experiment_name': 'dqn_e20', 'env_name': 'SpaceInvaders-ram', 'noise_method': 'basePSN', 'seed': 123, 'total_timesteps': 100000, 'policy': <class 'stable_baselines.deepq.policies.LnMlpPolicy'>}
done: at 2018-11-29 01:26:36.534133 	 with {'experiment_name': 'dqn_e20', 'env_name': 'SpaceInvaders-ram', 'noise_method': 'basePSN', 'seed': 456, 'total_timesteps': 100000, 'policy': <class 'stable_baselines.deepq.policies.LnMlpPolicy'>}
done: at 2018-11-29 01:29:25.076747 	 with {'experiment_name': 'dqn_e20', 'env_name': 'SpaceInvaders-ram', 'noise_method': 'basePSN', 'seed': 789, 'total_timesteps': 100000, 'policy': <class 'stable_baselines.deepq.policies.LnMlpPolicy'>}
done: at 2018-11-29 01:29:25.076993 	 with {'experiment_name': 'dqn_e20', 'env_name': 'SpaceInvaders-ram', 'noise_method': 'duelingPSN', 'seed': 123, 'total_timesteps': 100000, 'policy': <class 'stable_baselines.deepq.policies.LnMlpPolicy'>}
done: at 2018-11-29 01:29:25.077104 	 with {'experiment_name': 'dqn_e20', 'env_name': 'SpaceInvaders-ram', 'noise_method': 'duelingPSN', 'seed': 456, 'total_timesteps': 100000, 'policy': <class 'stable_baselines.deepq.policies.LnMlpPolicy'>}
done: at 2018-11-29 01:29:25.077145 	 with {'experiment_name': 'dqn_e20', 'env_name': 'SpaceInvaders-ram', 'noise_method': 'duelingPSN', 'seed': 789, 'total_timesteps': 100000, 'policy': <class 'stable_baselines.deepq.policies.LnMlpPolicy'>}
done: at 2018-11-29 01:29:25.077185 	 with {'experiment_name': 'dqn_e20', 'env_name': 'SpaceInvaders-ram', 'noise_method': 'duelingASN', 'seed': 123, 'total_timesteps': 100000, 'policy': <class 'stable_baselines.deepq.policies.LnMlpPolicy'>}
done: at 2018-11-29 01:29:25.077242 	 with {'experiment_name': 'dqn_e20', 'env_name': 'SpaceInvaders-ram', 'noise_method': 'duelingASN', 'seed': 456, 'total_timesteps': 100000, 'policy': <class 'stable_baselines.deepq.policies.LnMlpPolicy'>}
done: at 2018-11-29 01:29:25.077278 	 with {'experiment_name': 'dqn_e20', 'env_name': 'SpaceInvaders-ram', 'noise_method': 'duelingASN', 'seed': 789, 'total_timesteps': 100000, 'policy': <class 'stable_baselines.deepq.policies.LnMlpPolicy'>}
done: at 2018-11-29 01:29:25.077401 	 with {'experiment_name': 'dqn_e20', 'env_name': 'Breakout-ram', 'noise_method': 'basePSN', 'seed': 123, 'total_timesteps': 100000, 'policy': <class 'stable_baselines.deepq.policies.LnMlpPolicy'>}
done: at 2018-11-29 01:29:25.077471 	 with {'experiment_name': 'dqn_e20', 'env_name': 'Breakout-ram', 'noise_method': 'basePSN', 'seed': 456, 'total_timesteps': 100000, 'policy': <class 'stable_baselines.deepq.policies.LnMlpPolicy'>}
done: at 2018-11-29 01:29:25.077505 	 with {'experiment_name': 'dqn_e20', 'env_name': 'Breakout-ram', 'noise_method': 'basePSN', 'seed': 789, 'total_timesteps': 100000, 'policy': <class 'stable_baselines.deepq.policies.LnMlpPolicy'>}
done: at 2018-11-29 01:29:25.077548 	 with {'experiment_name': 'dqn_e20', 'env_name': 'Breakout-ram', 'noise_method': 'duelingPSN', 'seed': 123, 'total_timesteps': 100000, 'policy': <class 'stable_baselines.deepq.policies.LnMlpPolicy'>}
done: at 2018-11-29 01:29:25.077581 	 with {'experiment_name': 'dqn_e20', 'env_name': 'Breakout-ram', 'noise_method': 'duelingPSN', 'seed': 456, 'total_timesteps': 100000, 'policy': <class 'stable_baselines.deepq.policies.LnMlpPolicy'>}
done: at 2018-11-29 01:29:25.077612 	 with {'experiment_name': 'dqn_e20', 'env_name': 'Breakout-ram', 'noise_method': 'duelingPSN', 'seed': 789, 'total_timesteps': 100000, 'policy': <class 'stable_baselines.deepq.policies.LnMlpPolicy'>}
done: at 2018-11-29 01:29:25.077643 	 with {'experiment_name': 'dqn_e20', 'env_name': 'Breakout-ram', 'noise_method': 'duelingASN', 'seed': 123, 'total_timesteps': 100000, 'policy': <class 'stable_baselines.deepq.policies.LnMlpPolicy'>}
done: at 2018-11-29 01:29:25.077673 	 with {'experiment_name': 'dqn_e20', 'env_name': 'Breakout-ram', 'noise_method': 'duelingASN', 'seed': 456, 'total_timesteps': 100000, 'policy': <class 'stable_baselines.deepq.policies.LnMlpPolicy'>}
done: at 2018-11-29 01:29:25.077703 	 with {'experiment_name': 'dqn_e20', 'env_name': 'Breakout-ram', 'noise_method': 'duelingASN', 'seed': 789, 'total_timesteps': 100000, 'policy': <class 'stable_baselines.deepq.policies.LnMlpPolicy'>}
done: at 2018-11-29 01:29:25.077733 	 with {'experiment_name': 'dqn_e20', 'env_name': 'Enduro-ram', 'noise_method': 'basePSN', 'seed': 123, 'total_timesteps': 100000, 'policy': <class 'stable_baselines.deepq.policies.LnMlpPolicy'>}
done: at 2018-11-29 01:29:25.077763 	 with {'experiment_name': 'dqn_e20', 'env_name': 'Enduro-ram', 'noise_method': 'basePSN', 'seed': 456, 'total_timesteps': 100000, 'policy': <class 'stable_baselines.deepq.policies.LnMlpPolicy'>}
done: at 2018-11-29 01:29:25.077793 	 with {'experiment_name': 'dqn_e20', 'env_name': 'Enduro-ram', 'noise_method': 'basePSN', 'seed': 789, 'total_timesteps': 100000, 'policy': <class 'stable_baselines.deepq.policies.LnMlpPolicy'>}
done: at 2018-11-29 01:29:27.342600 	 with {'experiment_name': 'dqn_e20', 'env_name': 'Enduro-ram', 'noise_method': 'duelingPSN', 'seed': 123, 'total_timesteps': 100000, 'policy': <class 'stable_baselines.deepq.policies.LnMlpPolicy'>}
done: at 2018-11-29 01:29:27.342675 	 with {'experiment_name': 'dqn_e20', 'env_name': 'Enduro-ram', 'noise_method': 'duelingPSN', 'seed': 456, 'total_timesteps': 100000, 'policy': <class 'stable_baselines.deepq.policies.LnMlpPolicy'>}
done: at 2018-11-29 01:29:27.342714 	 with {'experiment_name': 'dqn_e20', 'env_name': 'Enduro-ram', 'noise_method': 'duelingPSN', 'seed': 789, 'total_timesteps': 100000, 'policy': <class 'stable_baselines.deepq.policies.LnMlpPolicy'>}
done: at 2018-11-29 01:29:27.342748 	 with {'experiment_name': 'dqn_e20', 'env_name': 'Enduro-ram', 'noise_method': 'duelingASN', 'seed': 123, 'total_timesteps': 100000, 'policy': <class 'stable_baselines.deepq.policies.LnMlpPolicy'>}
done: at 2018-11-29 01:29:27.342782 	 with {'experiment_name': 'dqn_e20', 'env_name': 'Enduro-ram', 'noise_method': 'duelingASN', 'seed': 456, 'total_timesteps': 100000, 'policy': <class 'stable_baselines.deepq.policies.LnMlpPolicy'>}
done: at 2018-11-29 01:29:27.342815 	 with {'experiment_name': 'dqn_e20', 'env_name': 'Enduro-ram', 'noise_method': 'duelingASN', 'seed': 789, 'total_timesteps': 100000, 'policy': <class 'stable_baselines.deepq.policies.LnMlpPolicy'>}
done: at 2018-11-29 01:29:27.342848 	 with {'experiment_name': 'dqn_e20', 'env_name': 'BeamRider-ram', 'noise_method': 'basePSN', 'seed': 123, 'total_timesteps': 100000, 'policy': <class 'stable_baselines.deepq.policies.LnMlpPolicy'>}
done: at 2018-11-29 01:29:27.342880 	 with {'experiment_name': 'dqn_e20', 'env_name': 'BeamRider-ram', 'noise_method': 'basePSN', 'seed': 456, 'total_timesteps': 100000, 'policy': <class 'stable_baselines.deepq.policies.LnMlpPolicy'>}
done: at 2018-11-29 01:29:27.342912 	 with {'experiment_name': 'dqn_e20', 'env_name': 'BeamRider-ram', 'noise_method': 'basePSN', 'seed': 789, 'total_timesteps': 100000, 'policy': <class 'stable_baselines.deepq.policies.LnMlpPolicy'>}
done: at 2018-11-29 01:29:27.342955 	 with {'experiment_name': 'dqn_e20', 'env_name': 'BeamRider-ram', 'noise_method': 'duelingPSN', 'seed': 123, 'total_timesteps': 100000, 'policy': <class 'stable_baselines.deepq.policies.LnMlpPolicy'>}
done: at 2018-11-29 01:29:27.342989 	 with {'experiment_name': 'dqn_e20', 'env_name': 'BeamRider-ram', 'noise_method': 'duelingPSN', 'seed': 456, 'total_timesteps': 100000, 'policy': <class 'stable_baselines.deepq.policies.LnMlpPolicy'>}
done: at 2018-11-29 01:29:27.343021 	 with {'experiment_name': 'dqn_e20', 'env_name': 'BeamRider-ram', 'noise_method': 'duelingPSN', 'seed': 789, 'total_timesteps': 100000, 'policy': <class 'stable_baselines.deepq.policies.LnMlpPolicy'>}
done: at 2018-11-29 01:29:27.343054 	 with {'experiment_name': 'dqn_e20', 'env_name': 'BeamRider-ram', 'noise_method': 'duelingASN', 'seed': 123, 'total_timesteps': 100000, 'policy': <class 'stable_baselines.deepq.policies.LnMlpPolicy'>}
done: at 2018-11-29 01:29:27.343086 	 with {'experiment_name': 'dqn_e20', 'env_name': 'BeamRider-ram', 'noise_method': 'duelingASN', 'seed': 456, 'total_timesteps': 100000, 'policy': <class 'stable_baselines.deepq.policies.LnMlpPolicy'>}
done: at 2018-11-29 01:29:27.343118 	 with {'experiment_name': 'dqn_e20', 'env_name': 'BeamRider-ram', 'noise_method': 'duelingASN', 'seed': 789, 'total_timesteps': 100000, 'policy': <class 'stable_baselines.deepq.policies.LnMlpPolicy'>}
done: at 2018-11-29 01:29:27.343150 	 with {'experiment_name': 'dqn_e20', 'env_name': 'Pong-ram', 'noise_method': 'basePSN', 'seed': 123, 'total_timesteps': 100000, 'policy': <class 'stable_baselines.deepq.policies.LnMlpPolicy'>}
done: at 2018-11-29 01:29:27.343199 	 with {'experiment_name': 'dqn_e20', 'env_name': 'Pong-ram', 'noise_method': 'basePSN', 'seed': 456, 'total_timesteps': 100000, 'policy': <class 'stable_baselines.deepq.policies.LnMlpPolicy'>}
done: at 2018-11-29 01:29:27.343231 	 with {'experiment_name': 'dqn_e20', 'env_name': 'Pong-ram', 'noise_method': 'basePSN', 'seed': 789, 'total_timesteps': 100000, 'policy': <class 'stable_baselines.deepq.policies.LnMlpPolicy'>}
done: at 2018-11-29 01:29:27.343262 	 with {'experiment_name': 'dqn_e20', 'env_name': 'Pong-ram', 'noise_method': 'duelingPSN', 'seed': 123, 'total_timesteps': 100000, 'policy': <class 'stable_baselines.deepq.policies.LnMlpPolicy'>}
done: at 2018-11-29 01:29:27.343293 	 with {'experiment_name': 'dqn_e20', 'env_name': 'Pong-ram', 'noise_method': 'duelingPSN', 'seed': 456, 'total_timesteps': 100000, 'policy': <class 'stable_baselines.deepq.policies.LnMlpPolicy'>}
done: at 2018-11-29 01:29:27.343325 	 with {'experiment_name': 'dqn_e20', 'env_name': 'Pong-ram', 'noise_method': 'duelingPSN', 'seed': 789, 'total_timesteps': 100000, 'policy': <class 'stable_baselines.deepq.policies.LnMlpPolicy'>}
done: at 2018-11-29 01:29:27.343356 	 with {'experiment_name': 'dqn_e20', 'env_name': 'Pong-ram', 'noise_method': 'duelingASN', 'seed': 123, 'total_timesteps': 100000, 'policy': <class 'stable_baselines.deepq.policies.LnMlpPolicy'>}
done: at 2018-11-29 01:29:27.343387 	 with {'experiment_name': 'dqn_e20', 'env_name': 'Pong-ram', 'noise_method': 'duelingASN', 'seed': 456, 'total_timesteps': 100000, 'policy': <class 'stable_baselines.deepq.policies.LnMlpPolicy'>}
done: at 2018-11-29 01:29:27.343418 	 with {'experiment_name': 'dqn_e20', 'env_name': 'Pong-ram', 'noise_method': 'duelingASN', 'seed': 789, 'total_timesteps': 100000, 'policy': <class 'stable_baselines.deepq.policies.LnMlpPolicy'>}
start: at 2018-11-29 01:35:35.725352 	 with {'experiment_name': 'dqn_e20', 'env_name': 'SpaceInvaders-ram', 'noise_method': 'duelingPSNASN', 'seed': 123, 'total_timesteps': 100000, 'policy': <class 'stable_baselines.deepq.policies.LnMlpPolicy'>}
start: at 2018-11-29 01:35:35.725430 	 with {'experiment_name': 'dqn_e20', 'env_name': 'SpaceInvaders-ram', 'noise_method': 'duelingPSNASN', 'seed': 456, 'total_timesteps': 100000, 'policy': <class 'stable_baselines.deepq.policies.LnMlpPolicy'>}
start: at 2018-11-29 01:35:35.725721 	 with {'experiment_name': 'dqn_e20', 'env_name': 'SpaceInvaders-ram', 'noise_method': 'duelingPSNASN', 'seed': 789, 'total_timesteps': 100000, 'policy': <class 'stable_baselines.deepq.policies.LnMlpPolicy'>}
start: at 2018-11-29 01:35:35.725848 	 with {'experiment_name': 'dqn_e20', 'env_name': 'Breakout-ram', 'noise_method': 'duelingPSNASN', 'seed': 123, 'total_timesteps': 100000, 'policy': <class 'stable_baselines.deepq.policies.LnMlpPolicy'>}
start: at 2018-11-29 01:35:35.725969 	 with {'experiment_name': 'dqn_e20', 'env_name': 'Breakout-ram', 'noise_method': 'duelingPSNASN', 'seed': 456, 'total_timesteps': 100000, 'policy': <class 'stable_baselines.deepq.policies.LnMlpPolicy'>}
start: at 2018-11-29 01:35:35.726074 	 with {'experiment_name': 'dqn_e20', 'env_name': 'Breakout-ram', 'noise_method': 'duelingPSNASN', 'seed': 789, 'total_timesteps': 100000, 'policy': <class 'stable_baselines.deepq.policies.LnMlpPolicy'>}
start: at 2018-11-29 01:35:35.726198 	 with {'experiment_name': 'dqn_e20', 'env_name': 'Enduro-ram', 'noise_method': 'duelingPSNASN', 'seed': 123, 'total_timesteps': 100000, 'policy': <class 'stable_baselines.deepq.policies.LnMlpPolicy'>}
start: at 2018-11-29 01:35:35.726312 	 with {'experiment_name': 'dqn_e20', 'env_name': 'Enduro-ram', 'noise_method': 'duelingPSNASN', 'seed': 456, 'total_timesteps': 100000, 'policy': <class 'stable_baselines.deepq.policies.LnMlpPolicy'>}
start: at 2018-11-29 01:35:35.726428 	 with {'experiment_name': 'dqn_e20', 'env_name': 'Enduro-ram', 'noise_method': 'duelingPSNASN', 'seed': 789, 'total_timesteps': 100000, 'policy': <class 'stable_baselines.deepq.policies.LnMlpPolicy'>}
start: at 2018-11-29 01:35:35.726545 	 with {'experiment_name': 'dqn_e20', 'env_name': 'BeamRider-ram', 'noise_method': 'duelingPSNASN', 'seed': 123, 'total_timesteps': 100000, 'policy': <class 'stable_baselines.deepq.policies.LnMlpPolicy'>}
start: at 2018-11-29 01:35:35.726669 	 with {'experiment_name': 'dqn_e20', 'env_name': 'BeamRider-ram', 'noise_method': 'duelingPSNASN', 'seed': 456, 'total_timesteps': 100000, 'policy': <class 'stable_baselines.deepq.policies.LnMlpPolicy'>}
start: at 2018-11-29 01:35:35.726797 	 with {'experiment_name': 'dqn_e20', 'env_name': 'BeamRider-ram', 'noise_method': 'duelingPSNASN', 'seed': 789, 'total_timesteps': 100000, 'policy': <class 'stable_baselines.deepq.policies.LnMlpPolicy'>}
start: at 2018-11-29 01:35:35.726944 	 with {'experiment_name': 'dqn_e20', 'env_name': 'Pong-ram', 'noise_method': 'duelingPSNASN', 'seed': 123, 'total_timesteps': 100000, 'policy': <class 'stable_baselines.deepq.policies.LnMlpPolicy'>}
start: at 2018-11-29 01:35:35.727070 	 with {'experiment_name': 'dqn_e20', 'env_name': 'Pong-ram', 'noise_method': 'duelingPSNASN', 'seed': 456, 'total_timesteps': 100000, 'policy': <class 'stable_baselines.deepq.policies.LnMlpPolicy'>}
start: at 2018-11-29 01:35:35.727127 	 with {'experiment_name': 'dqn_e20', 'env_name': 'Pong-ram', 'noise_method': 'duelingPSNASN', 'seed': 789, 'total_timesteps': 100000, 'policy': <class 'stable_baselines.deepq.policies.LnMlpPolicy'>}
done: at 2018-11-29 01:49:17.311068 	 with {'experiment_name': 'dqn_e20', 'env_name': 'SpaceInvaders-ram', 'noise_method': 'duelingPSNASN', 'seed': 123, 'total_timesteps': 100000, 'policy': <class 'stable_baselines.deepq.policies.LnMlpPolicy'>}
done: at 2018-11-29 01:49:17.311173 	 with {'experiment_name': 'dqn_e20', 'env_name': 'SpaceInvaders-ram', 'noise_method': 'duelingPSNASN', 'seed': 456, 'total_timesteps': 100000, 'policy': <class 'stable_baselines.deepq.policies.LnMlpPolicy'>}
done: at 2018-11-29 01:49:17.311215 	 with {'experiment_name': 'dqn_e20', 'env_name': 'SpaceInvaders-ram', 'noise_method': 'duelingPSNASN', 'seed': 789, 'total_timesteps': 100000, 'policy': <class 'stable_baselines.deepq.policies.LnMlpPolicy'>}
done: at 2018-11-29 01:49:17.311256 	 with {'experiment_name': 'dqn_e20', 'env_name': 'Breakout-ram', 'noise_method': 'duelingPSNASN', 'seed': 123, 'total_timesteps': 100000, 'policy': <class 'stable_baselines.deepq.policies.LnMlpPolicy'>}
done: at 2018-11-29 01:49:17.311298 	 with {'experiment_name': 'dqn_e20', 'env_name': 'Breakout-ram', 'noise_method': 'duelingPSNASN', 'seed': 456, 'total_timesteps': 100000, 'policy': <class 'stable_baselines.deepq.policies.LnMlpPolicy'>}
done: at 2018-11-29 01:49:23.387104 	 with {'experiment_name': 'dqn_e20', 'env_name': 'Breakout-ram', 'noise_method': 'duelingPSNASN', 'seed': 789, 'total_timesteps': 100000, 'policy': <class 'stable_baselines.deepq.policies.LnMlpPolicy'>}
done: at 2018-11-29 01:49:23.387190 	 with {'experiment_name': 'dqn_e20', 'env_name': 'Enduro-ram', 'noise_method': 'duelingPSNASN', 'seed': 123, 'total_timesteps': 100000, 'policy': <class 'stable_baselines.deepq.policies.LnMlpPolicy'>}
done: at 2018-11-29 01:49:23.387232 	 with {'experiment_name': 'dqn_e20', 'env_name': 'Enduro-ram', 'noise_method': 'duelingPSNASN', 'seed': 456, 'total_timesteps': 100000, 'policy': <class 'stable_baselines.deepq.policies.LnMlpPolicy'>}
done: at 2018-11-29 01:49:23.387267 	 with {'experiment_name': 'dqn_e20', 'env_name': 'Enduro-ram', 'noise_method': 'duelingPSNASN', 'seed': 789, 'total_timesteps': 100000, 'policy': <class 'stable_baselines.deepq.policies.LnMlpPolicy'>}
done: at 2018-11-29 01:49:23.387301 	 with {'experiment_name': 'dqn_e20', 'env_name': 'BeamRider-ram', 'noise_method': 'duelingPSNASN', 'seed': 123, 'total_timesteps': 100000, 'policy': <class 'stable_baselines.deepq.policies.LnMlpPolicy'>}
done: at 2018-11-29 01:49:23.387334 	 with {'experiment_name': 'dqn_e20', 'env_name': 'BeamRider-ram', 'noise_method': 'duelingPSNASN', 'seed': 456, 'total_timesteps': 100000, 'policy': <class 'stable_baselines.deepq.policies.LnMlpPolicy'>}
done: at 2018-11-29 01:49:23.387365 	 with {'experiment_name': 'dqn_e20', 'env_name': 'BeamRider-ram', 'noise_method': 'duelingPSNASN', 'seed': 789, 'total_timesteps': 100000, 'policy': <class 'stable_baselines.deepq.policies.LnMlpPolicy'>}
done: at 2018-11-29 01:49:23.387399 	 with {'experiment_name': 'dqn_e20', 'env_name': 'Pong-ram', 'noise_method': 'duelingPSNASN', 'seed': 123, 'total_timesteps': 100000, 'policy': <class 'stable_baselines.deepq.policies.LnMlpPolicy'>}
done: at 2018-11-29 01:49:23.387436 	 with {'experiment_name': 'dqn_e20', 'env_name': 'Pong-ram', 'noise_method': 'duelingPSNASN', 'seed': 456, 'total_timesteps': 100000, 'policy': <class 'stable_baselines.deepq.policies.LnMlpPolicy'>}
done: at 2018-11-29 01:49:23.387468 	 with {'experiment_name': 'dqn_e20', 'env_name': 'Pong-ram', 'noise_method': 'duelingPSNASN', 'seed': 789, 'total_timesteps': 100000, 'policy': <class 'stable_baselines.deepq.policies.LnMlpPolicy'>}
